TN:build_test_set_tests
SF:/usr/include/c++/9/ext/aligned_buffer.h
FN:64,_ZN9__gnu_cxx16__aligned_membufIiE7_M_addrEv
FNDA:16,_ZN9__gnu_cxx16__aligned_membufIiE7_M_addrEv
FN:68,_ZNK9__gnu_cxx16__aligned_membufIiE7_M_addrEv
FNDA:51,_ZNK9__gnu_cxx16__aligned_membufIiE7_M_addrEv
FN:72,_ZN9__gnu_cxx16__aligned_membufIiE6_M_ptrEv
FNDA:16,_ZN9__gnu_cxx16__aligned_membufIiE6_M_ptrEv
FN:76,_ZNK9__gnu_cxx16__aligned_membufIiE6_M_ptrEv
FNDA:51,_ZNK9__gnu_cxx16__aligned_membufIiE6_M_ptrEv
FN:102,_ZN9__gnu_cxx16__aligned_bufferIN4TreeIN14internal_tests10StrangeIntESt4lessIS3_EE4NodeEE7_M_addrEv
FNDA:132,_ZN9__gnu_cxx16__aligned_bufferIN4TreeIN14internal_tests10StrangeIntESt4lessIS3_EE4NodeEE7_M_addrEv
FN:102,_ZN9__gnu_cxx16__aligned_bufferIN4TreeISt4pairIiiESt4lessIS3_EE4NodeEE7_M_addrEv
FNDA:21,_ZN9__gnu_cxx16__aligned_bufferIN4TreeISt4pairIiiESt4lessIS3_EE4NodeEE7_M_addrEv
FN:102,_ZN9__gnu_cxx16__aligned_bufferIN4TreeINSt7__cxx1112basic_stringIcSt11char_traitsIcESaIcEEESt4lessIS7_EE4NodeEE7_M_addrEv
FNDA:30,_ZN9__gnu_cxx16__aligned_bufferIN4TreeINSt7__cxx1112basic_stringIcSt11char_traitsIcESaIcEEESt4lessIS7_EE4NodeEE7_M_addrEv
FN:102,_ZN9__gnu_cxx16__aligned_bufferIN4TreeIiSt4lessIiEE4NodeEE7_M_addrEv
FNDA:195,_ZN9__gnu_cxx16__aligned_bufferIN4TreeIiSt4lessIiEE4NodeEE7_M_addrEv
FN:114,_ZN9__gnu_cxx16__aligned_bufferIN4TreeIN14internal_tests10StrangeIntESt4lessIS3_EE4NodeEE6_M_ptrEv
FNDA:132,_ZN9__gnu_cxx16__aligned_bufferIN4TreeIN14internal_tests10StrangeIntESt4lessIS3_EE4NodeEE6_M_ptrEv
FN:114,_ZN9__gnu_cxx16__aligned_bufferIN4TreeISt4pairIiiESt4lessIS3_EE4NodeEE6_M_ptrEv
FNDA:21,_ZN9__gnu_cxx16__aligned_bufferIN4TreeISt4pairIiiESt4lessIS3_EE4NodeEE6_M_ptrEv
FN:114,_ZN9__gnu_cxx16__aligned_bufferIN4TreeINSt7__cxx1112basic_stringIcSt11char_traitsIcESaIcEEESt4lessIS7_EE4NodeEE6_M_ptrEv
FNDA:30,_ZN9__gnu_cxx16__aligned_bufferIN4TreeINSt7__cxx1112basic_stringIcSt11char_traitsIcESaIcEEESt4lessIS7_EE4NodeEE6_M_ptrEv
FN:114,_ZN9__gnu_cxx16__aligned_bufferIN4TreeIiSt4lessIiEE4NodeEE6_M_ptrEv
FNDA:195,_ZN9__gnu_cxx16__aligned_bufferIN4TreeIiSt4lessIiEE4NodeEE6_M_ptrEv
DA:64,16
DA:65,16
DA:68,51
DA:69,51
DA:72,16
DA:73,16
DA:76,51
DA:77,51
DA:102,132
DA:104,132
DA:102,21
DA:104,21
DA:102,30
DA:104,30
DA:102,195
DA:104,195
DA:114,132
DA:115,132
DA:114,21
DA:115,21
DA:114,30
DA:115,30
DA:114,195
DA:115,195
end_of_record
SF:/home/egornulllet/Документы/vk/c++/stl_compatible_set/include/tree.hpp
FN:14,_ZN4TreeIiSt4lessIiEED2Ev
FNDA:4,_ZN4TreeIiSt4lessIiEED2Ev
FN:14,_ZN4TreeINSt7__cxx1112basic_stringIcSt11char_traitsIcESaIcEEESt4lessIS5_EED2Ev
FNDA:5,_ZN4TreeINSt7__cxx1112basic_stringIcSt11char_traitsIcESaIcEEESt4lessIS5_EED2Ev
FN:14,_ZN4TreeISt4pairIiiESt4lessIS1_EED2Ev
FNDA:1,_ZN4TreeISt4pairIiiESt4lessIS1_EED2Ev
FN:14,_ZN4TreeIN14internal_tests10StrangeIntESt4lessIS1_EED2Ev
FNDA:5,_ZN4TreeIN14internal_tests10StrangeIntESt4lessIS1_EED2Ev
FN:25,_ZN4TreeIN14internal_tests10StrangeIntESt4lessIS1_EE4NodeC2ERKS1_St8weak_ptrIS5_Em
FNDA:39,_ZN4TreeIN14internal_tests10StrangeIntESt4lessIS1_EE4NodeC2ERKS1_St8weak_ptrIS5_Em
FN:25,_ZN4TreeISt4pairIiiESt4lessIS1_EE4NodeC2ERKS1_St8weak_ptrIS5_Em
FNDA:6,_ZN4TreeISt4pairIiiESt4lessIS1_EE4NodeC2ERKS1_St8weak_ptrIS5_Em
FN:25,_ZN4TreeINSt7__cxx1112basic_stringIcSt11char_traitsIcESaIcEEESt4lessIS5_EE4NodeC2ERKS5_St8weak_ptrIS9_Em
FNDA:5,_ZN4TreeINSt7__cxx1112basic_stringIcSt11char_traitsIcESaIcEEESt4lessIS5_EE4NodeC2ERKS5_St8weak_ptrIS9_Em
FN:25,_ZN4TreeIiSt4lessIiEE4NodeC2ERKiSt8weak_ptrIS3_Em
FNDA:61,_ZN4TreeIiSt4lessIiEE4NodeC2ERKiSt8weak_ptrIS3_Em
FN:28,_ZN4TreeINSt7__cxx1112basic_stringIcSt11char_traitsIcESaIcEEESt4lessIS5_EE4NodeC2ESt8weak_ptrIS9_E
FNDA:5,_ZN4TreeINSt7__cxx1112basic_stringIcSt11char_traitsIcESaIcEEESt4lessIS5_EE4NodeC2ESt8weak_ptrIS9_E
FN:28,_ZN4TreeIN14internal_tests10StrangeIntESt4lessIS1_EE4NodeC2ESt8weak_ptrIS5_E
FNDA:5,_ZN4TreeIN14internal_tests10StrangeIntESt4lessIS1_EE4NodeC2ESt8weak_ptrIS5_E
FN:28,_ZN4TreeISt4pairIiiESt4lessIS1_EE4NodeC2ESt8weak_ptrIS5_E
FNDA:1,_ZN4TreeISt4pairIiiESt4lessIS1_EE4NodeC2ESt8weak_ptrIS5_E
FN:28,_ZN4TreeIiSt4lessIiEE4NodeC2ESt8weak_ptrIS3_E
FNDA:4,_ZN4TreeIiSt4lessIiEE4NodeC2ESt8weak_ptrIS3_E
FN:76,_ZN4TreeIiSt4lessIiEEC2Ev
FNDA:3,_ZN4TreeIiSt4lessIiEEC2Ev
FN:76,_ZN4TreeIN14internal_tests10StrangeIntESt4lessIS1_EEC2Ev
FNDA:3,_ZN4TreeIN14internal_tests10StrangeIntESt4lessIS1_EEC2Ev
FN:76,_ZN4TreeISt4pairIiiESt4lessIS1_EEC2Ev
FNDA:1,_ZN4TreeISt4pairIiiESt4lessIS1_EEC2Ev
FN:76,_ZN4TreeINSt7__cxx1112basic_stringIcSt11char_traitsIcESaIcEEESt4lessIS5_EEC2Ev
FNDA:4,_ZN4TreeINSt7__cxx1112basic_stringIcSt11char_traitsIcESaIcEEESt4lessIS5_EEC2Ev
FN:81,_ZN4TreeIN14internal_tests10StrangeIntESt4lessIS1_EEC2ERKS4_
FNDA:2,_ZN4TreeIN14internal_tests10StrangeIntESt4lessIS1_EEC2ERKS4_
FN:81,_ZN4TreeINSt7__cxx1112basic_stringIcSt11char_traitsIcESaIcEEESt4lessIS5_EEC2ERKS8_
FNDA:1,_ZN4TreeINSt7__cxx1112basic_stringIcSt11char_traitsIcESaIcEEESt4lessIS5_EEC2ERKS8_
FN:81,_ZN4TreeIiSt4lessIiEEC2ERKS2_
FNDA:1,_ZN4TreeIiSt4lessIiEEC2ERKS2_
FN:96,_ZN4TreeINSt7__cxx1112basic_stringIcSt11char_traitsIcESaIcEEESt4lessIS5_EEaSERKS8_
FNDA:1,_ZN4TreeINSt7__cxx1112basic_stringIcSt11char_traitsIcESaIcEEESt4lessIS5_EEaSERKS8_
FN:96,_ZN4TreeIN14internal_tests10StrangeIntESt4lessIS1_EEaSERKS4_
FNDA:1,_ZN4TreeIN14internal_tests10StrangeIntESt4lessIS1_EEaSERKS4_
FN:96,_ZN4TreeIiSt4lessIiEEaSERKS2_
FNDA:3,_ZN4TreeIiSt4lessIiEEaSERKS2_
FN:107,_ZN4TreeIiSt4lessIiEE6insertERKi
FNDA:20,_ZN4TreeIiSt4lessIiEE6insertERKi
FN:107,_ZN4TreeINSt7__cxx1112basic_stringIcSt11char_traitsIcESaIcEEESt4lessIS5_EE6insertERKS5_
FNDA:5,_ZN4TreeINSt7__cxx1112basic_stringIcSt11char_traitsIcESaIcEEESt4lessIS5_EE6insertERKS5_
FN:107,_ZN4TreeIN14internal_tests10StrangeIntESt4lessIS1_EE6insertERKS1_
FNDA:20,_ZN4TreeIN14internal_tests10StrangeIntESt4lessIS1_EE6insertERKS1_
FN:107,_ZN4TreeISt4pairIiiESt4lessIS1_EE6insertERKS1_
FNDA:6,_ZN4TreeISt4pairIiiESt4lessIS1_EE6insertERKS1_
FN:113,_ZNK4TreeIN14internal_tests10StrangeIntESt4lessIS1_EE6searchERKS1_
FNDA:2,_ZNK4TreeIN14internal_tests10StrangeIntESt4lessIS1_EE6searchERKS1_
FN:113,_ZNK4TreeIiSt4lessIiEE6searchERKi
FNDA:1,_ZNK4TreeIiSt4lessIiEE6searchERKi
FN:132,_ZN4TreeINSt7__cxx1112basic_stringIcSt11char_traitsIcESaIcEEESt4lessIS5_EE5eraseERKS5_
FNDA:6,_ZN4TreeINSt7__cxx1112basic_stringIcSt11char_traitsIcESaIcEEESt4lessIS5_EE5eraseERKS5_
FN:138,_ZNK4TreeINSt7__cxx1112basic_stringIcSt11char_traitsIcESaIcEEESt4lessIS5_EE11lower_boundERKS5_
FNDA:1,_ZNK4TreeINSt7__cxx1112basic_stringIcSt11char_traitsIcESaIcEEESt4lessIS5_EE11lower_boundERKS5_
FN:138,_ZNK4TreeIN14internal_tests10StrangeIntESt4lessIS1_EE11lower_boundERKS1_
FNDA:1,_ZNK4TreeIN14internal_tests10StrangeIntESt4lessIS1_EE11lower_boundERKS1_
FN:138,_ZNK4TreeIiSt4lessIiEE11lower_boundERKi
FNDA:3,_ZNK4TreeIiSt4lessIiEE11lower_boundERKi
FN:157,_ZNK4TreeIiSt4lessIiEE8min_nodeEv
FNDA:16,_ZNK4TreeIiSt4lessIiEE8min_nodeEv
FN:157,_ZNK4TreeISt4pairIiiESt4lessIS1_EE8min_nodeEv
FNDA:6,_ZNK4TreeISt4pairIiiESt4lessIS1_EE8min_nodeEv
FN:157,_ZNK4TreeINSt7__cxx1112basic_stringIcSt11char_traitsIcESaIcEEESt4lessIS5_EE8min_nodeEv
FNDA:3,_ZNK4TreeINSt7__cxx1112basic_stringIcSt11char_traitsIcESaIcEEESt4lessIS5_EE8min_nodeEv
FN:162,_ZNK4TreeISt4pairIiiESt4lessIS1_EE8max_nodeEv
FNDA:7,_ZNK4TreeISt4pairIiiESt4lessIS1_EE8max_nodeEv
FN:162,_ZNK4TreeIiSt4lessIiEE8max_nodeEv
FNDA:26,_ZNK4TreeIiSt4lessIiEE8max_nodeEv
FN:162,_ZNK4TreeIN14internal_tests10StrangeIntESt4lessIS1_EE8max_nodeEv
FNDA:26,_ZNK4TreeIN14internal_tests10StrangeIntESt4lessIS1_EE8max_nodeEv
FN:162,_ZNK4TreeINSt7__cxx1112basic_stringIcSt11char_traitsIcESaIcEEESt4lessIS5_EE8max_nodeEv
FNDA:15,_ZNK4TreeINSt7__cxx1112basic_stringIcSt11char_traitsIcESaIcEEESt4lessIS5_EE8max_nodeEv
FN:172,_ZNK4TreeIiSt4lessIiEE4sizeEv
FNDA:1,_ZNK4TreeIiSt4lessIiEE4sizeEv
FN:172,_ZNK4TreeINSt7__cxx1112basic_stringIcSt11char_traitsIcESaIcEEESt4lessIS5_EE4sizeEv
FNDA:2,_ZNK4TreeINSt7__cxx1112basic_stringIcSt11char_traitsIcESaIcEEESt4lessIS5_EE4sizeEv
FN:172,_ZNK4TreeIN14internal_tests10StrangeIntESt4lessIS1_EE4sizeEv
FNDA:1,_ZNK4TreeIN14internal_tests10StrangeIntESt4lessIS1_EE4sizeEv
FN:177,_ZNK4TreeINSt7__cxx1112basic_stringIcSt11char_traitsIcESaIcEEESt4lessIS5_EE5emptyEv
FNDA:3,_ZNK4TreeINSt7__cxx1112basic_stringIcSt11char_traitsIcESaIcEEESt4lessIS5_EE5emptyEv
FN:177,_ZNK4TreeIiSt4lessIiEE5emptyEv
FNDA:1,_ZNK4TreeIiSt4lessIiEE5emptyEv
FN:188,_ZN4TreeIN14internal_tests10StrangeIntESt4lessIS1_EE6insertERSt10shared_ptrINS4_4NodeEERKS1_
FNDA:58,_ZN4TreeIN14internal_tests10StrangeIntESt4lessIS1_EE6insertERSt10shared_ptrINS4_4NodeEERKS1_
FN:188,_ZN4TreeIiSt4lessIiEE6insertERSt10shared_ptrINS2_4NodeEERKi
FNDA:55,_ZN4TreeIiSt4lessIiEE6insertERSt10shared_ptrINS2_4NodeEERKi
FN:188,_ZN4TreeINSt7__cxx1112basic_stringIcSt11char_traitsIcESaIcEEESt4lessIS5_EE6insertERSt10shared_ptrINS8_4NodeEERKS5_
FNDA:8,_ZN4TreeINSt7__cxx1112basic_stringIcSt11char_traitsIcESaIcEEESt4lessIS5_EE6insertERSt10shared_ptrINS8_4NodeEERKS5_
FN:188,_ZN4TreeISt4pairIiiESt4lessIS1_EE6insertERSt10shared_ptrINS4_4NodeEERKS1_
FNDA:15,_ZN4TreeISt4pairIiiESt4lessIS1_EE6insertERSt10shared_ptrINS4_4NodeEERKS1_
FN:214,_ZN4TreeINSt7__cxx1112basic_stringIcSt11char_traitsIcESaIcEEESt4lessIS5_EE5eraseERSt10shared_ptrINS8_4NodeEERKS5_
FNDA:9,_ZN4TreeINSt7__cxx1112basic_stringIcSt11char_traitsIcESaIcEEESt4lessIS5_EE5eraseERSt10shared_ptrINS8_4NodeEERKS5_
FN:261,_ZN4TreeINSt7__cxx1112basic_stringIcSt11char_traitsIcESaIcEEESt4lessIS5_EE9erase_minERSt10shared_ptrINS8_4NodeEE
FNDA:1,_ZN4TreeINSt7__cxx1112basic_stringIcSt11char_traitsIcESaIcEEESt4lessIS5_EE9erase_minERSt10shared_ptrINS8_4NodeEE
FN:270,_ZN4TreeIiSt4lessIiEE8find_minERSt10shared_ptrINS2_4NodeEE
FNDA:12,_ZN4TreeIiSt4lessIiEE8find_minERSt10shared_ptrINS2_4NodeEE
FN:270,_ZN4TreeINSt7__cxx1112basic_stringIcSt11char_traitsIcESaIcEEESt4lessIS5_EE8find_minERSt10shared_ptrINS8_4NodeEE
FNDA:3,_ZN4TreeINSt7__cxx1112basic_stringIcSt11char_traitsIcESaIcEEESt4lessIS5_EE8find_minERSt10shared_ptrINS8_4NodeEE
FN:270,_ZN4TreeIN14internal_tests10StrangeIntESt4lessIS1_EE8find_minERSt10shared_ptrINS4_4NodeEE
FNDA:9,_ZN4TreeIN14internal_tests10StrangeIntESt4lessIS1_EE8find_minERSt10shared_ptrINS4_4NodeEE
FN:281,_ZN4TreeIiSt4lessIiEE8find_maxERSt10shared_ptrINS2_4NodeEE
FNDA:15,_ZN4TreeIiSt4lessIiEE8find_maxERSt10shared_ptrINS2_4NodeEE
FN:281,_ZN4TreeINSt7__cxx1112basic_stringIcSt11char_traitsIcESaIcEEESt4lessIS5_EE8find_maxERSt10shared_ptrINS8_4NodeEE
FNDA:3,_ZN4TreeINSt7__cxx1112basic_stringIcSt11char_traitsIcESaIcEEESt4lessIS5_EE8find_maxERSt10shared_ptrINS8_4NodeEE
FN:281,_ZN4TreeIN14internal_tests10StrangeIntESt4lessIS1_EE8find_maxERSt10shared_ptrINS4_4NodeEE
FNDA:9,_ZN4TreeIN14internal_tests10StrangeIntESt4lessIS1_EE8find_maxERSt10shared_ptrINS4_4NodeEE
FN:292,_ZN4TreeISt4pairIiiESt4lessIS1_EE6heightERSt10shared_ptrINS4_4NodeEE
FNDA:64,_ZN4TreeISt4pairIiiESt4lessIS1_EE6heightERSt10shared_ptrINS4_4NodeEE
FN:292,_ZN4TreeIN14internal_tests10StrangeIntESt4lessIS1_EE6heightERSt10shared_ptrINS4_4NodeEE
FNDA:288,_ZN4TreeIN14internal_tests10StrangeIntESt4lessIS1_EE6heightERSt10shared_ptrINS4_4NodeEE
FN:292,_ZN4TreeIiSt4lessIiEE6heightERSt10shared_ptrINS2_4NodeEE
FNDA:234,_ZN4TreeIiSt4lessIiEE6heightERSt10shared_ptrINS2_4NodeEE
FN:292,_ZN4TreeINSt7__cxx1112basic_stringIcSt11char_traitsIcESaIcEEESt4lessIS5_EE6heightERSt10shared_ptrINS8_4NodeEE
FNDA:46,_ZN4TreeINSt7__cxx1112basic_stringIcSt11char_traitsIcESaIcEEESt4lessIS5_EE6heightERSt10shared_ptrINS8_4NodeEE
FN:297,_ZN4TreeISt4pairIiiESt4lessIS1_EE7balanceERSt10shared_ptrINS4_4NodeEE
FNDA:9,_ZN4TreeISt4pairIiiESt4lessIS1_EE7balanceERSt10shared_ptrINS4_4NodeEE
FN:297,_ZN4TreeIiSt4lessIiEE7balanceERSt10shared_ptrINS2_4NodeEE
FNDA:37,_ZN4TreeIiSt4lessIiEE7balanceERSt10shared_ptrINS2_4NodeEE
FN:297,_ZN4TreeINSt7__cxx1112basic_stringIcSt11char_traitsIcESaIcEEESt4lessIS5_EE7balanceERSt10shared_ptrINS8_4NodeEE
FNDA:7,_ZN4TreeINSt7__cxx1112basic_stringIcSt11char_traitsIcESaIcEEESt4lessIS5_EE7balanceERSt10shared_ptrINS8_4NodeEE
FN:297,_ZN4TreeIN14internal_tests10StrangeIntESt4lessIS1_EE7balanceERSt10shared_ptrINS4_4NodeEE
FNDA:38,_ZN4TreeIN14internal_tests10StrangeIntESt4lessIS1_EE7balanceERSt10shared_ptrINS4_4NodeEE
FN:315,_ZN4TreeIN14internal_tests10StrangeIntESt4lessIS1_EE14balance_factorERSt10shared_ptrINS4_4NodeEE
FNDA:80,_ZN4TreeIN14internal_tests10StrangeIntESt4lessIS1_EE14balance_factorERSt10shared_ptrINS4_4NodeEE
FN:315,_ZN4TreeINSt7__cxx1112basic_stringIcSt11char_traitsIcESaIcEEESt4lessIS5_EE14balance_factorERSt10shared_ptrINS8_4NodeEE
FNDA:14,_ZN4TreeINSt7__cxx1112basic_stringIcSt11char_traitsIcESaIcEEESt4lessIS5_EE14balance_factorERSt10shared_ptrINS8_4NodeEE
FN:315,_ZN4TreeIiSt4lessIiEE14balance_factorERSt10shared_ptrINS2_4NodeEE
FNDA:74,_ZN4TreeIiSt4lessIiEE14balance_factorERSt10shared_ptrINS2_4NodeEE
FN:315,_ZN4TreeISt4pairIiiESt4lessIS1_EE14balance_factorERSt10shared_ptrINS4_4NodeEE
FNDA:19,_ZN4TreeISt4pairIiiESt4lessIS1_EE14balance_factorERSt10shared_ptrINS4_4NodeEE
FN:321,_ZN4TreeISt4pairIiiESt4lessIS1_EE10fix_heightERSt10shared_ptrINS4_4NodeEE
FNDA:13,_ZN4TreeISt4pairIiiESt4lessIS1_EE10fix_heightERSt10shared_ptrINS4_4NodeEE
FN:321,_ZN4TreeINSt7__cxx1112basic_stringIcSt11char_traitsIcESaIcEEESt4lessIS5_EE10fix_heightERSt10shared_ptrINS8_4NodeEE
FNDA:9,_ZN4TreeINSt7__cxx1112basic_stringIcSt11char_traitsIcESaIcEEESt4lessIS5_EE10fix_heightERSt10shared_ptrINS8_4NodeEE
FN:321,_ZN4TreeIiSt4lessIiEE10fix_heightERSt10shared_ptrINS2_4NodeEE
FNDA:43,_ZN4TreeIiSt4lessIiEE10fix_heightERSt10shared_ptrINS2_4NodeEE
FN:321,_ZN4TreeIN14internal_tests10StrangeIntESt4lessIS1_EE10fix_heightERSt10shared_ptrINS4_4NodeEE
FNDA:64,_ZN4TreeIN14internal_tests10StrangeIntESt4lessIS1_EE10fix_heightERSt10shared_ptrINS4_4NodeEE
FN:335,_ZN4TreeIN14internal_tests10StrangeIntESt4lessIS1_EE12right_rotateERSt10shared_ptrINS4_4NodeEE
FNDA:8,_ZN4TreeIN14internal_tests10StrangeIntESt4lessIS1_EE12right_rotateERSt10shared_ptrINS4_4NodeEE
FN:335,_ZN4TreeISt4pairIiiESt4lessIS1_EE12right_rotateERSt10shared_ptrINS4_4NodeEE
FNDA:1,_ZN4TreeISt4pairIiiESt4lessIS1_EE12right_rotateERSt10shared_ptrINS4_4NodeEE
FN:335,_ZN4TreeINSt7__cxx1112basic_stringIcSt11char_traitsIcESaIcEEESt4lessIS5_EE12right_rotateERSt10shared_ptrINS8_4NodeEE
FNDA:0,_ZN4TreeINSt7__cxx1112basic_stringIcSt11char_traitsIcESaIcEEESt4lessIS5_EE12right_rotateERSt10shared_ptrINS8_4NodeEE
FN:335,_ZN4TreeIiSt4lessIiEE12right_rotateERSt10shared_ptrINS2_4NodeEE
FNDA:1,_ZN4TreeIiSt4lessIiEE12right_rotateERSt10shared_ptrINS2_4NodeEE
FN:355,_ZN4TreeINSt7__cxx1112basic_stringIcSt11char_traitsIcESaIcEEESt4lessIS5_EE11left_rotateERSt10shared_ptrINS8_4NodeEE
FNDA:1,_ZN4TreeINSt7__cxx1112basic_stringIcSt11char_traitsIcESaIcEEESt4lessIS5_EE11left_rotateERSt10shared_ptrINS8_4NodeEE
FN:355,_ZN4TreeIN14internal_tests10StrangeIntESt4lessIS1_EE11left_rotateERSt10shared_ptrINS4_4NodeEE
FNDA:5,_ZN4TreeIN14internal_tests10StrangeIntESt4lessIS1_EE11left_rotateERSt10shared_ptrINS4_4NodeEE
FN:355,_ZN4TreeIiSt4lessIiEE11left_rotateERSt10shared_ptrINS2_4NodeEE
FNDA:2,_ZN4TreeIiSt4lessIiEE11left_rotateERSt10shared_ptrINS2_4NodeEE
FN:355,_ZN4TreeISt4pairIiiESt4lessIS1_EE11left_rotateERSt10shared_ptrINS4_4NodeEE
FNDA:1,_ZN4TreeISt4pairIiiESt4lessIS1_EE11left_rotateERSt10shared_ptrINS4_4NodeEE
FN:375,_ZN4TreeIN14internal_tests10StrangeIntESt4lessIS1_EE9copy_treeESt10shared_ptrINS4_4NodeEES7_
FNDA:41,_ZN4TreeIN14internal_tests10StrangeIntESt4lessIS1_EE9copy_treeESt10shared_ptrINS4_4NodeEES7_
FN:375,_ZN4TreeINSt7__cxx1112basic_stringIcSt11char_traitsIcESaIcEEESt4lessIS5_EE9copy_treeESt10shared_ptrINS8_4NodeEESB_
FNDA:2,_ZN4TreeINSt7__cxx1112basic_stringIcSt11char_traitsIcESaIcEEESt4lessIS5_EE9copy_treeESt10shared_ptrINS8_4NodeEESB_
FN:375,_ZN4TreeIiSt4lessIiEE9copy_treeESt10shared_ptrINS2_4NodeEES5_
FNDA:90,_ZN4TreeIiSt4lessIiEE9copy_treeESt10shared_ptrINS2_4NodeEES5_
DA:14,5
DA:14,1
DA:14,5
DA:14,4
DA:25,6
DA:26,6
DA:27,6
DA:25,39
DA:26,39
DA:27,39
DA:25,5
DA:26,5
DA:27,5
DA:25,61
DA:26,61
DA:27,61
DA:28,5
DA:29,5
DA:28,1
DA:29,1
DA:28,5
DA:29,5
DA:28,4
DA:29,4
DA:76,3
DA:77,3
DA:78,3
DA:76,1
DA:77,1
DA:78,1
DA:76,4
DA:77,4
DA:78,4
DA:76,3
DA:77,3
DA:78,3
DA:81,2
DA:82,2
DA:83,2
DA:84,2
DA:85,2
DA:81,1
DA:82,1
DA:83,1
DA:84,1
DA:85,1
DA:81,1
DA:82,1
DA:83,1
DA:84,1
DA:85,1
DA:96,1
DA:97,1
DA:98,1
DA:100,1
DA:101,1
DA:102,1
DA:96,1
DA:97,1
DA:98,1
DA:100,1
DA:101,1
DA:102,1
DA:96,3
DA:97,3
DA:98,3
DA:100,3
DA:101,3
DA:102,3
DA:107,6
DA:108,6
DA:109,6
DA:107,20
DA:108,20
DA:109,20
DA:107,5
DA:108,5
DA:109,5
DA:107,20
DA:108,20
DA:109,20
DA:113,2
DA:114,2
DA:115,0
DA:118,4
DA:119,8
DA:120,7
DA:121,4
DA:122,3
DA:123,2
DA:125,1
DA:128,1
DA:113,1
DA:114,1
DA:115,0
DA:118,2
DA:119,1
DA:120,1
DA:121,0
DA:122,1
DA:123,0
DA:125,1
DA:128,0
DA:132,6
DA:133,6
DA:134,6
DA:138,1
DA:139,2
DA:140,1
DA:142,4
DA:143,3
DA:144,1
DA:145,1
DA:147,2
DA:148,2
DA:149,1
DA:153,1
DA:138,1
DA:139,2
DA:140,1
DA:142,2
DA:143,1
DA:144,1
DA:145,1
DA:147,0
DA:148,0
DA:149,0
DA:153,1
DA:138,3
DA:139,6
DA:140,3
DA:142,12
DA:143,9
DA:144,3
DA:145,3
DA:147,6
DA:148,6
DA:149,1
DA:153,3
DA:157,6
DA:158,6
DA:157,3
DA:158,3
DA:157,16
DA:158,16
DA:162,26
DA:163,26
DA:162,7
DA:163,7
DA:162,15
DA:163,15
DA:162,26
DA:163,26
DA:172,1
DA:173,1
DA:172,2
DA:173,2
DA:172,1
DA:173,1
DA:177,3
DA:178,3
DA:177,1
DA:178,1
DA:188,15
DA:189,15
DA:190,6
DA:191,6
DA:192,6
DA:193,2
DA:195,6
DA:196,2
DA:198,6
DA:201,9
DA:202,4
DA:203,4
DA:204,5
DA:205,5
DA:206,5
DA:209,9
DA:188,58
DA:189,58
DA:190,20
DA:191,20
DA:192,20
DA:193,9
DA:195,20
DA:196,7
DA:198,20
DA:201,38
DA:202,21
DA:203,21
DA:204,17
DA:205,17
DA:206,17
DA:209,38
DA:188,8
DA:189,8
DA:190,5
DA:191,5
DA:192,5
DA:193,3
DA:195,5
DA:196,5
DA:198,5
DA:201,3
DA:202,0
DA:203,0
DA:204,3
DA:205,3
DA:206,3
DA:209,3
DA:188,55
DA:189,55
DA:190,18
DA:191,18
DA:192,18
DA:193,5
DA:195,18
DA:196,9
DA:198,18
DA:201,37
DA:202,12
DA:203,12
DA:204,25
DA:205,23
DA:206,23
DA:209,37
DA:214,9
DA:215,9
DA:216,3
DA:218,6
DA:219,2
DA:220,4
DA:221,1
DA:223,3
DA:225,3
DA:226,2
DA:227,1
DA:229,2
DA:230,2
DA:231,1
DA:233,1
DA:237,4
DA:238,2
DA:239,2
DA:240,2
DA:241,2
DA:243,2
DA:245,1
DA:246,0
DA:249,1
DA:250,1
DA:251,1
DA:252,1
DA:254,1
DA:255,1
DA:257,3
DA:261,1
DA:262,1
DA:263,1
DA:265,0
DA:266,0
DA:270,9
DA:271,9
DA:272,0
DA:274,9
DA:275,3
DA:277,6
DA:270,3
DA:271,3
DA:272,2
DA:274,1
DA:275,1
DA:277,0
DA:270,12
DA:271,12
DA:272,0
DA:274,12
DA:275,4
DA:277,8
DA:281,9
DA:282,9
DA:283,0
DA:285,9
DA:286,3
DA:288,6
DA:281,3
DA:282,3
DA:283,2
DA:285,1
DA:286,1
DA:288,0
DA:281,15
DA:282,15
DA:283,0
DA:285,15
DA:286,4
DA:288,11
DA:292,64
DA:293,64
DA:292,288
DA:293,288
DA:292,46
DA:293,46
DA:292,234
DA:293,234
DA:297,9
DA:298,9
DA:299,9
DA:300,0
DA:301,0
DA:303,0
DA:305,9
DA:306,1
DA:307,1
DA:309,1
DA:311,8
DA:297,38
DA:298,38
DA:299,38
DA:300,5
DA:301,4
DA:303,5
DA:305,33
DA:306,4
DA:307,0
DA:309,4
DA:311,29
DA:297,7
DA:298,7
DA:299,7
DA:300,1
DA:301,0
DA:303,1
DA:305,6
DA:306,0
DA:307,0
DA:309,0
DA:311,6
DA:297,37
DA:298,37
DA:299,37
DA:300,2
DA:301,1
DA:303,2
DA:305,35
DA:306,0
DA:307,0
DA:309,0
DA:311,35
DA:315,19
DA:316,19
DA:315,80
DA:316,80
DA:315,14
DA:316,14
DA:315,74
DA:316,74
DA:321,13
DA:322,13
DA:323,13
DA:325,13
DA:326,13
DA:321,64
DA:322,64
DA:323,64
DA:325,64
DA:326,64
DA:321,9
DA:322,9
DA:323,9
DA:325,9
DA:326,9
DA:321,43
DA:322,43
DA:323,43
DA:325,43
DA:326,43
DA:335,1
DA:336,1
DA:337,0
DA:339,2
DA:340,1
DA:341,1
DA:343,1
DA:344,0
DA:346,1
DA:347,1
DA:349,1
DA:350,1
DA:351,1
DA:335,8
DA:336,8
DA:337,0
DA:339,16
DA:340,8
DA:341,8
DA:343,8
DA:344,2
DA:346,8
DA:347,8
DA:349,8
DA:350,8
DA:351,8
DA:335,0
DA:336,0
DA:337,0
DA:339,0
DA:340,0
DA:341,0
DA:343,0
DA:344,0
DA:346,0
DA:347,0
DA:349,0
DA:350,0
DA:351,0
DA:335,1
DA:336,1
DA:337,0
DA:339,2
DA:340,1
DA:341,1
DA:343,1
DA:344,0
DA:346,1
DA:347,1
DA:349,1
DA:350,1
DA:351,1
DA:355,1
DA:356,1
DA:357,0
DA:359,2
DA:360,1
DA:361,1
DA:363,1
DA:364,0
DA:366,1
DA:367,1
DA:369,1
DA:370,1
DA:371,1
DA:355,5
DA:356,5
DA:357,0
DA:359,10
DA:360,5
DA:361,5
DA:363,5
DA:364,1
DA:366,5
DA:367,5
DA:369,5
DA:370,5
DA:371,5
DA:355,1
DA:356,1
DA:357,0
DA:359,2
DA:360,1
DA:361,1
DA:363,1
DA:364,0
DA:366,1
DA:367,1
DA:369,1
DA:370,1
DA:371,1
DA:355,2
DA:356,2
DA:357,0
DA:359,4
DA:360,2
DA:361,2
DA:363,2
DA:364,0
DA:366,2
DA:367,2
DA:369,2
DA:370,2
DA:371,2
DA:375,41
DA:376,41
DA:377,22
DA:379,38
DA:380,19
DA:381,19
DA:382,19
DA:375,2
DA:376,2
DA:377,2
DA:379,0
DA:380,0
DA:381,0
DA:382,0
DA:375,90
DA:376,90
DA:377,47
DA:379,86
DA:380,43
DA:381,43
DA:382,43
end_of_record
SF:/usr/include/c++/9/bits/alloc_traits.h
FN:442,_ZNSt16allocator_traitsISaISt13_Rb_tree_nodeIiEEE8allocateERS2_m
FNDA:8,_ZNSt16allocator_traitsISaISt13_Rb_tree_nodeIiEEE8allocateERS2_m
FN:442,_ZNSt16allocator_traitsISaISt23_Sp_counted_ptr_inplaceIN4TreeIiSt4lessIiEE4NodeESaIS5_ELN9__gnu_cxx12_Lock_policyE2EEEE8allocateERSA_m
FNDA:65,_ZNSt16allocator_traitsISaISt23_Sp_counted_ptr_inplaceIN4TreeIiSt4lessIiEE4NodeESaIS5_ELN9__gnu_cxx12_Lock_policyE2EEEE8allocateERSA_m
FN:442,_ZNSt16allocator_traitsISaISt23_Sp_counted_ptr_inplaceIN4TreeINSt7__cxx1112basic_stringIcSt11char_traitsIcESaIcEEESt4lessIS7_EE4NodeESaISB_ELN9__gnu_cxx12_Lock_policyE2EEEE8allocateERSG_m
FNDA:10,_ZNSt16allocator_traitsISaISt23_Sp_counted_ptr_inplaceIN4TreeINSt7__cxx1112basic_stringIcSt11char_traitsIcESaIcEEESt4lessIS7_EE4NodeESaISB_ELN9__gnu_cxx12_Lock_policyE2EEEE8allocateERSG_m
FN:442,_ZNSt16allocator_traitsISaISt23_Sp_counted_ptr_inplaceIN4TreeISt4pairIiiESt4lessIS3_EE4NodeESaIS7_ELN9__gnu_cxx12_Lock_policyE2EEEE8allocateERSC_m
FNDA:7,_ZNSt16allocator_traitsISaISt23_Sp_counted_ptr_inplaceIN4TreeISt4pairIiiESt4lessIS3_EE4NodeESaIS7_ELN9__gnu_cxx12_Lock_policyE2EEEE8allocateERSC_m
FN:442,_ZNSt16allocator_traitsISaISt23_Sp_counted_ptr_inplaceIN4TreeIN14internal_tests10StrangeIntESt4lessIS3_EE4NodeESaIS7_ELN9__gnu_cxx12_Lock_policyE2EEEE8allocateERSC_m
FNDA:44,_ZNSt16allocator_traitsISaISt23_Sp_counted_ptr_inplaceIN4TreeIN14internal_tests10StrangeIntESt4lessIS3_EE4NodeESaIS7_ELN9__gnu_cxx12_Lock_policyE2EEEE8allocateERSC_m
FN:468,_ZNSt16allocator_traitsISaISt23_Sp_counted_ptr_inplaceIN4TreeIN14internal_tests10StrangeIntESt4lessIS3_EE4NodeESaIS7_ELN9__gnu_cxx12_Lock_policyE2EEEE10deallocateERSC_PSB_m
FNDA:44,_ZNSt16allocator_traitsISaISt23_Sp_counted_ptr_inplaceIN4TreeIN14internal_tests10StrangeIntESt4lessIS3_EE4NodeESaIS7_ELN9__gnu_cxx12_Lock_policyE2EEEE10deallocateERSC_PSB_m
FN:468,_ZNSt16allocator_traitsISaISt23_Sp_counted_ptr_inplaceIN4TreeIiSt4lessIiEE4NodeESaIS5_ELN9__gnu_cxx12_Lock_policyE2EEEE10deallocateERSA_PS9_m
FNDA:65,_ZNSt16allocator_traitsISaISt23_Sp_counted_ptr_inplaceIN4TreeIiSt4lessIiEE4NodeESaIS5_ELN9__gnu_cxx12_Lock_policyE2EEEE10deallocateERSA_PS9_m
FN:468,_ZNSt16allocator_traitsISaISt23_Sp_counted_ptr_inplaceIN4TreeINSt7__cxx1112basic_stringIcSt11char_traitsIcESaIcEEESt4lessIS7_EE4NodeESaISB_ELN9__gnu_cxx12_Lock_policyE2EEEE10deallocateERSG_PSF_m
FNDA:10,_ZNSt16allocator_traitsISaISt23_Sp_counted_ptr_inplaceIN4TreeINSt7__cxx1112basic_stringIcSt11char_traitsIcESaIcEEESt4lessIS7_EE4NodeESaISB_ELN9__gnu_cxx12_Lock_policyE2EEEE10deallocateERSG_PSF_m
FN:468,_ZNSt16allocator_traitsISaISt23_Sp_counted_ptr_inplaceIN4TreeISt4pairIiiESt4lessIS3_EE4NodeESaIS7_ELN9__gnu_cxx12_Lock_policyE2EEEE10deallocateERSC_PSB_m
FNDA:7,_ZNSt16allocator_traitsISaISt23_Sp_counted_ptr_inplaceIN4TreeISt4pairIiiESt4lessIS3_EE4NodeESaIS7_ELN9__gnu_cxx12_Lock_policyE2EEEE10deallocateERSC_PSB_m
FN:468,_ZNSt16allocator_traitsISaISt13_Rb_tree_nodeIiEEE10deallocateERS2_PS1_m
FNDA:8,_ZNSt16allocator_traitsISaISt13_Rb_tree_nodeIiEEE10deallocateERS2_PS1_m
FN:481,_ZNSt16allocator_traitsISaIN4TreeIiSt4lessIiEE4NodeEEE9constructIS4_JRiRSt10shared_ptrIS4_ERmEEEvRS5_PT_DpOT0_
FNDA:43,_ZNSt16allocator_traitsISaIN4TreeIiSt4lessIiEE4NodeEEE9constructIS4_JRiRSt10shared_ptrIS4_ERmEEEvRS5_PT_DpOT0_
FN:481,_ZNSt16allocator_traitsISaIN4TreeIiSt4lessIiEE4NodeEEE9constructIS4_JEEEvRS5_PT_DpOT0_
FNDA:3,_ZNSt16allocator_traitsISaIN4TreeIiSt4lessIiEE4NodeEEE9constructIS4_JEEEvRS5_PT_DpOT0_
FN:481,_ZNSt16allocator_traitsISaISt13_Rb_tree_nodeIiEEE9constructIiJRiEEEvRS2_PT_DpOT0_
FNDA:8,_ZNSt16allocator_traitsISaISt13_Rb_tree_nodeIiEEE9constructIiJRiEEEvRS2_PT_DpOT0_
FN:481,_ZNSt16allocator_traitsISaIN4TreeIiSt4lessIiEE4NodeEEE9constructIS4_JSt10shared_ptrIS4_EEEEvRS5_PT_DpOT0_
FNDA:1,_ZNSt16allocator_traitsISaIN4TreeIiSt4lessIiEE4NodeEEE9constructIS4_JSt10shared_ptrIS4_EEEEvRS5_PT_DpOT0_
FN:481,_ZNSt16allocator_traitsISaIN4TreeISt4pairIiiESt4lessIS2_EE4NodeEEE9constructIS6_JRKS2_EEEvRS7_PT_DpOT0_
FNDA:6,_ZNSt16allocator_traitsISaIN4TreeISt4pairIiiESt4lessIS2_EE4NodeEEE9constructIS6_JRKS2_EEEvRS7_PT_DpOT0_
FN:481,_ZNSt16allocator_traitsISaIN4TreeIN14internal_tests10StrangeIntESt4lessIS2_EE4NodeEEE9constructIS6_JRKS2_EEEvRS7_PT_DpOT0_
FNDA:20,_ZNSt16allocator_traitsISaIN4TreeIN14internal_tests10StrangeIntESt4lessIS2_EE4NodeEEE9constructIS6_JRKS2_EEEvRS7_PT_DpOT0_
FN:481,_ZNSt16allocator_traitsISaIN4TreeINSt7__cxx1112basic_stringIcSt11char_traitsIcESaIcEEESt4lessIS6_EE4NodeEEE9constructISA_JEEEvRSB_PT_DpOT0_
FNDA:4,_ZNSt16allocator_traitsISaIN4TreeINSt7__cxx1112basic_stringIcSt11char_traitsIcESaIcEEESt4lessIS6_EE4NodeEEE9constructISA_JEEEvRSB_PT_DpOT0_
FN:481,_ZNSt16allocator_traitsISaIN4TreeINSt7__cxx1112basic_stringIcSt11char_traitsIcESaIcEEESt4lessIS6_EE4NodeEEE9constructISA_JSt10shared_ptrISA_EEEEvRSB_PT_DpOT0_
FNDA:1,_ZNSt16allocator_traitsISaIN4TreeINSt7__cxx1112basic_stringIcSt11char_traitsIcESaIcEEESt4lessIS6_EE4NodeEEE9constructISA_JSt10shared_ptrISA_EEEEvRSB_PT_DpOT0_
FN:481,_ZNSt16allocator_traitsISaIN4TreeIN14internal_tests10StrangeIntESt4lessIS2_EE4NodeEEE9constructIS6_JRS2_RSt10shared_ptrIS6_ERmEEEvRS7_PT_DpOT0_
FNDA:19,_ZNSt16allocator_traitsISaIN4TreeIN14internal_tests10StrangeIntESt4lessIS2_EE4NodeEEE9constructIS6_JRS2_RSt10shared_ptrIS6_ERmEEEvRS7_PT_DpOT0_
FN:481,_ZNSt16allocator_traitsISaIN4TreeINSt7__cxx1112basic_stringIcSt11char_traitsIcESaIcEEESt4lessIS6_EE4NodeEEE9constructISA_JRS6_RSt10shared_ptrISA_ERmEEEvRSB_PT_DpOT0_
FNDA:0,_ZNSt16allocator_traitsISaIN4TreeINSt7__cxx1112basic_stringIcSt11char_traitsIcESaIcEEESt4lessIS6_EE4NodeEEE9constructISA_JRS6_RSt10shared_ptrISA_ERmEEEvRSB_PT_DpOT0_
FN:481,_ZNSt16allocator_traitsISaIN4TreeISt4pairIiiESt4lessIS2_EE4NodeEEE9constructIS6_JEEEvRS7_PT_DpOT0_
FNDA:1,_ZNSt16allocator_traitsISaIN4TreeISt4pairIiiESt4lessIS2_EE4NodeEEE9constructIS6_JEEEvRS7_PT_DpOT0_
FN:481,_ZNSt16allocator_traitsISaIN4TreeINSt7__cxx1112basic_stringIcSt11char_traitsIcESaIcEEESt4lessIS6_EE4NodeEEE9constructISA_JRKS6_EEEvRSB_PT_DpOT0_
FNDA:5,_ZNSt16allocator_traitsISaIN4TreeINSt7__cxx1112basic_stringIcSt11char_traitsIcESaIcEEESt4lessIS6_EE4NodeEEE9constructISA_JRKS6_EEEvRSB_PT_DpOT0_
FN:481,_ZNSt16allocator_traitsISaIN4TreeIN14internal_tests10StrangeIntESt4lessIS2_EE4NodeEEE9constructIS6_JEEEvRS7_PT_DpOT0_
FNDA:3,_ZNSt16allocator_traitsISaIN4TreeIN14internal_tests10StrangeIntESt4lessIS2_EE4NodeEEE9constructIS6_JEEEvRS7_PT_DpOT0_
FN:481,_ZNSt16allocator_traitsISaIN4TreeIN14internal_tests10StrangeIntESt4lessIS2_EE4NodeEEE9constructIS6_JSt10shared_ptrIS6_EEEEvRS7_PT_DpOT0_
FNDA:2,_ZNSt16allocator_traitsISaIN4TreeIN14internal_tests10StrangeIntESt4lessIS2_EE4NodeEEE9constructIS6_JSt10shared_ptrIS6_EEEEvRS7_PT_DpOT0_
FN:481,_ZNSt16allocator_traitsISaIN4TreeIiSt4lessIiEE4NodeEEE9constructIS4_JRKiEEEvRS5_PT_DpOT0_
FNDA:18,_ZNSt16allocator_traitsISaIN4TreeIiSt4lessIiEE4NodeEEE9constructIS4_JRKiEEEvRS5_PT_DpOT0_
FN:494,_ZNSt16allocator_traitsISaIN4TreeINSt7__cxx1112basic_stringIcSt11char_traitsIcESaIcEEESt4lessIS6_EE4NodeEEE7destroyISA_EEvRSB_PT_
FNDA:10,_ZNSt16allocator_traitsISaIN4TreeINSt7__cxx1112basic_stringIcSt11char_traitsIcESaIcEEESt4lessIS6_EE4NodeEEE7destroyISA_EEvRSB_PT_
FN:494,_ZNSt16allocator_traitsISaISt13_Rb_tree_nodeIiEEE7destroyIiEEvRS2_PT_
FNDA:8,_ZNSt16allocator_traitsISaISt13_Rb_tree_nodeIiEEE7destroyIiEEvRS2_PT_
FN:494,_ZNSt16allocator_traitsISaIN4TreeIN14internal_tests10StrangeIntESt4lessIS2_EE4NodeEEE7destroyIS6_EEvRS7_PT_
FNDA:44,_ZNSt16allocator_traitsISaIN4TreeIN14internal_tests10StrangeIntESt4lessIS2_EE4NodeEEE7destroyIS6_EEvRS7_PT_
FN:494,_ZNSt16allocator_traitsISaIN4TreeISt4pairIiiESt4lessIS2_EE4NodeEEE7destroyIS6_EEvRS7_PT_
FNDA:7,_ZNSt16allocator_traitsISaIN4TreeISt4pairIiiESt4lessIS2_EE4NodeEEE7destroyIS6_EEvRS7_PT_
FN:494,_ZNSt16allocator_traitsISaIN4TreeIiSt4lessIiEE4NodeEEE7destroyIS4_EEvRS5_PT_
FNDA:65,_ZNSt16allocator_traitsISaIN4TreeIiSt4lessIiEE4NodeEEE7destroyIS4_EEvRS5_PT_
FN:513,_ZNSt16allocator_traitsISaIcEE37select_on_container_copy_constructionERKS0_
FNDA:0,_ZNSt16allocator_traitsISaIcEE37select_on_container_copy_constructionERKS0_
DA:442,44
DA:443,44
DA:442,7
DA:443,7
DA:442,10
DA:443,10
DA:442,8
DA:443,8
DA:442,65
DA:443,65
DA:468,44
DA:469,44
DA:468,7
DA:469,7
DA:468,10
DA:469,10
DA:468,65
DA:469,65
DA:468,8
DA:469,8
DA:481,6
DA:483,6
DA:481,20
DA:483,20
DA:481,19
DA:483,19
DA:481,0
DA:483,0
DA:481,5
DA:483,5
DA:481,18
DA:483,18
DA:481,43
DA:483,43
DA:481,2
DA:483,2
DA:481,3
DA:483,3
DA:481,1
DA:483,1
DA:481,1
DA:483,1
DA:481,4
DA:483,4
DA:481,1
DA:483,1
DA:481,8
DA:483,8
DA:481,3
DA:483,3
DA:494,65
DA:496,65
DA:494,10
DA:496,10
DA:494,7
DA:496,7
DA:494,44
DA:496,44
DA:494,8
DA:496,8
DA:513,0
DA:514,0
end_of_record
SF:/usr/include/c++/9/ext/alloc_traits.h
FN:97,_ZN9__gnu_cxx14__alloc_traitsISaIcEcE17_S_select_on_copyERKS1_
FNDA:0,_ZN9__gnu_cxx14__alloc_traitsISaIcEcE17_S_select_on_copyERKS1_
DA:97,0
DA:98,0
end_of_record
SF:/usr/include/c++/9/bits/stl_algobase.h
FN:222,_ZSt3maxImERKT_S2_S2_
FNDA:129,_ZSt3maxImERKT_S2_S2_
DA:222,129
DA:227,129
DA:228,41
DA:229,88
end_of_record
SF:/usr/include/c++/9/bits/basic_string.h
FN:247,_ZNSt7__cxx1112basic_stringIcSt11char_traitsIcESaIcEE16_M_construct_auxIPcEEvT_S7_St12__false_type
FNDA:0,_ZNSt7__cxx1112basic_stringIcSt11char_traitsIcESaIcEE16_M_construct_auxIPcEEvT_S7_St12__false_type
FN:247,_ZNSt7__cxx1112basic_stringIcSt11char_traitsIcESaIcEE16_M_construct_auxIPKcEEvT_S8_St12__false_type
FNDA:0,_ZNSt7__cxx1112basic_stringIcSt11char_traitsIcESaIcEE16_M_construct_auxIPKcEEvT_S8_St12__false_type
FN:267,_ZNSt7__cxx1112basic_stringIcSt11char_traitsIcESaIcEE12_M_constructIPcEEvT_S7_
FNDA:0,_ZNSt7__cxx1112basic_stringIcSt11char_traitsIcESaIcEE12_M_constructIPcEEvT_S7_
FN:267,_ZNSt7__cxx1112basic_stringIcSt11char_traitsIcESaIcEE12_M_constructIPKcEEvT_S8_
FNDA:0,_ZNSt7__cxx1112basic_stringIcSt11char_traitsIcESaIcEE12_M_constructIPKcEEvT_S8_
FN:6152,_ZSteqIcEN9__gnu_cxx11__enable_ifIXsrSt9__is_charIT_E7__valueEbE6__typeERKNSt7__cxx1112basic_stringIS3_St11char_traitsIS3_ESaIS3_EEESE_
FNDA:1,_ZSteqIcEN9__gnu_cxx11__enable_ifIXsrSt9__is_charIT_E7__valueEbE6__typeERKNSt7__cxx1112basic_stringIS3_St11char_traitsIS3_ESaIS3_EEESE_
FN:6178,_ZSteqIcSt11char_traitsIcESaIcEEbRKNSt7__cxx1112basic_stringIT_T0_T1_EEPKS5_
FNDA:1,_ZSteqIcSt11char_traitsIcESaIcEEbRKNSt7__cxx1112basic_stringIT_T0_T1_EEPKS5_
FN:6191,_ZStneIcSt11char_traitsIcESaIcEEbRKNSt7__cxx1112basic_stringIT_T0_T1_EESA_
FNDA:1,_ZStneIcSt11char_traitsIcESaIcEEbRKNSt7__cxx1112basic_stringIT_T0_T1_EESA_
FN:6216,_ZStneIcSt11char_traitsIcESaIcEEbRKNSt7__cxx1112basic_stringIT_T0_T1_EEPKS5_
FNDA:1,_ZStneIcSt11char_traitsIcESaIcEEbRKNSt7__cxx1112basic_stringIT_T0_T1_EEPKS5_
FN:6229,_ZStltIcSt11char_traitsIcESaIcEEbRKNSt7__cxx1112basic_stringIT_T0_T1_EESA_
FNDA:21,_ZStltIcSt11char_traitsIcESaIcEEbRKNSt7__cxx1112basic_stringIT_T0_T1_EESA_
DA:247,0
DA:251,0
DA:252,0
DA:247,0
DA:251,0
DA:252,0
DA:267,0
DA:270,0
DA:271,0
DA:267,0
DA:270,0
DA:271,0
DA:6152,1
DA:6154,1
DA:6155,1
DA:6156,1
DA:6178,1
DA:6180,1
DA:6191,1
DA:6194,1
DA:6216,1
DA:6218,1
DA:6229,21
DA:6232,21
end_of_record
SF:/usr/include/c++/9/bits/stl_pair.h
FN:229,_ZNSt4pairIiiEC2IiiLb1EEEv
FNDA:1,_ZNSt4pairIiiEC2IiiLb1EEEv
FN:311,_ZNSt4pairIPSt18_Rb_tree_node_baseS1_EC2IRS1_Lb1EEEOT_RKS1_
FNDA:2,_ZNSt4pairIPSt18_Rb_tree_node_baseS1_EC2IRS1_Lb1EEEOT_RKS1_
FN:325,_ZNSt4pairIPSt18_Rb_tree_node_baseS1_EC2IRS1_Lb1EEERKS1_OT_
FNDA:2,_ZNSt4pairIPSt18_Rb_tree_node_baseS1_EC2IRS1_Lb1EEERKS1_OT_
FN:341,_ZNSt4pairIPSt18_Rb_tree_node_baseS1_EC2IRPSt13_Rb_tree_nodeIiERS1_Lb1EEEOT_OT0_
FNDA:6,_ZNSt4pairIPSt18_Rb_tree_node_baseS1_EC2IRPSt13_Rb_tree_nodeIiERS1_Lb1EEEOT_OT0_
FN:341,_ZNSt4pairIPSt18_Rb_tree_node_baseS1_EC2IRS1_S4_Lb1EEEOT_OT0_
FNDA:0,_ZNSt4pairIPSt18_Rb_tree_node_baseS1_EC2IRS1_S4_Lb1EEEOT_OT0_
FN:448,_ZSteqIiiEbRKSt4pairIT_T0_ES5_
FNDA:1,_ZSteqIiiEbRKSt4pairIT_T0_ES5_
FN:454,_ZStltIiiEbRKSt4pairIT_T0_ES5_
FNDA:24,_ZStltIiiEbRKSt4pairIT_T0_ES5_
FN:461,_ZStneIiiEbRKSt4pairIT_T0_ES5_
FNDA:1,_ZStneIiiEbRKSt4pairIT_T0_ES5_
DA:229,1
DA:230,1
DA:311,2
DA:312,2
DA:325,2
DA:326,2
DA:341,6
DA:342,6
DA:341,0
DA:342,0
DA:448,1
DA:449,1
DA:454,24
DA:455,24
DA:456,24
DA:461,1
DA:462,1
end_of_record
SF:/usr/include/c++/9/ext/new_allocator.h
FN:80,_ZN9__gnu_cxx13new_allocatorIcEC2Ev
FNDA:0,_ZN9__gnu_cxx13new_allocatorIcEC2Ev
FN:80,_ZN9__gnu_cxx13new_allocatorISt23_Sp_counted_ptr_inplaceIN4TreeIiSt4lessIiEE4NodeESaIS6_ELNS_12_Lock_policyE2EEEC2Ev
FNDA:130,_ZN9__gnu_cxx13new_allocatorISt23_Sp_counted_ptr_inplaceIN4TreeIiSt4lessIiEE4NodeESaIS6_ELNS_12_Lock_policyE2EEEC2Ev
FN:80,_ZN9__gnu_cxx13new_allocatorIN4TreeIN14internal_tests10StrangeIntESt4lessIS3_EE4NodeEEC2Ev
FNDA:44,_ZN9__gnu_cxx13new_allocatorIN4TreeIN14internal_tests10StrangeIntESt4lessIS3_EE4NodeEEC2Ev
FN:80,_ZN9__gnu_cxx13new_allocatorISt23_Sp_counted_ptr_inplaceIN4TreeINSt7__cxx1112basic_stringIcSt11char_traitsIcESaIcEEESt4lessIS8_EE4NodeESaISC_ELNS_12_Lock_policyE2EEEC2Ev
FNDA:20,_ZN9__gnu_cxx13new_allocatorISt23_Sp_counted_ptr_inplaceIN4TreeINSt7__cxx1112basic_stringIcSt11char_traitsIcESaIcEEESt4lessIS8_EE4NodeESaISC_ELNS_12_Lock_policyE2EEEC2Ev
FN:80,_ZN9__gnu_cxx13new_allocatorISt23_Sp_counted_ptr_inplaceIN4TreeIN14internal_tests10StrangeIntESt4lessIS4_EE4NodeESaIS8_ELNS_12_Lock_policyE2EEEC2Ev
FNDA:88,_ZN9__gnu_cxx13new_allocatorISt23_Sp_counted_ptr_inplaceIN4TreeIN14internal_tests10StrangeIntESt4lessIS4_EE4NodeESaIS8_ELNS_12_Lock_policyE2EEEC2Ev
FN:80,_ZN9__gnu_cxx13new_allocatorIN4TreeISt4pairIiiESt4lessIS3_EE4NodeEEC2Ev
FNDA:7,_ZN9__gnu_cxx13new_allocatorIN4TreeISt4pairIiiESt4lessIS3_EE4NodeEEC2Ev
FN:80,_ZN9__gnu_cxx13new_allocatorIN4TreeINSt7__cxx1112basic_stringIcSt11char_traitsIcESaIcEEESt4lessIS7_EE4NodeEEC2Ev
FNDA:10,_ZN9__gnu_cxx13new_allocatorIN4TreeINSt7__cxx1112basic_stringIcSt11char_traitsIcESaIcEEESt4lessIS7_EE4NodeEEC2Ev
FN:80,_ZN9__gnu_cxx13new_allocatorISt13_Rb_tree_nodeIiEEC2Ev
FNDA:1,_ZN9__gnu_cxx13new_allocatorISt13_Rb_tree_nodeIiEEC2Ev
FN:80,_ZN9__gnu_cxx13new_allocatorIN4TreeIiSt4lessIiEE4NodeEEC2Ev
FNDA:65,_ZN9__gnu_cxx13new_allocatorIN4TreeIiSt4lessIiEE4NodeEEC2Ev
FN:80,_ZN9__gnu_cxx13new_allocatorISt23_Sp_counted_ptr_inplaceIN4TreeISt4pairIiiESt4lessIS4_EE4NodeESaIS8_ELNS_12_Lock_policyE2EEEC2Ev
FNDA:14,_ZN9__gnu_cxx13new_allocatorISt23_Sp_counted_ptr_inplaceIN4TreeISt4pairIiiESt4lessIS4_EE4NodeESaIS8_ELNS_12_Lock_policyE2EEEC2Ev
FN:83,_ZN9__gnu_cxx13new_allocatorIN4TreeISt4pairIiiESt4lessIS3_EE4NodeEEC2ERKS8_
FNDA:21,_ZN9__gnu_cxx13new_allocatorIN4TreeISt4pairIiiESt4lessIS3_EE4NodeEEC2ERKS8_
FN:83,_ZN9__gnu_cxx13new_allocatorIcEC2ERKS1_
FNDA:0,_ZN9__gnu_cxx13new_allocatorIcEC2ERKS1_
FN:83,_ZN9__gnu_cxx13new_allocatorIN4TreeIN14internal_tests10StrangeIntESt4lessIS3_EE4NodeEEC2ERKS8_
FNDA:132,_ZN9__gnu_cxx13new_allocatorIN4TreeIN14internal_tests10StrangeIntESt4lessIS3_EE4NodeEEC2ERKS8_
FN:83,_ZN9__gnu_cxx13new_allocatorIN4TreeIiSt4lessIiEE4NodeEEC2ERKS6_
FNDA:195,_ZN9__gnu_cxx13new_allocatorIN4TreeIiSt4lessIiEE4NodeEEC2ERKS6_
FN:83,_ZN9__gnu_cxx13new_allocatorIN4TreeINSt7__cxx1112basic_stringIcSt11char_traitsIcESaIcEEESt4lessIS7_EE4NodeEEC2ERKSC_
FNDA:30,_ZN9__gnu_cxx13new_allocatorIN4TreeINSt7__cxx1112basic_stringIcSt11char_traitsIcESaIcEEESt4lessIS7_EE4NodeEEC2ERKSC_
FN:89,_ZN9__gnu_cxx13new_allocatorISt23_Sp_counted_ptr_inplaceIN4TreeISt4pairIiiESt4lessIS4_EE4NodeESaIS8_ELNS_12_Lock_policyE2EEED2Ev
FNDA:14,_ZN9__gnu_cxx13new_allocatorISt23_Sp_counted_ptr_inplaceIN4TreeISt4pairIiiESt4lessIS4_EE4NodeESaIS8_ELNS_12_Lock_policyE2EEED2Ev
FN:89,_ZN9__gnu_cxx13new_allocatorISt23_Sp_counted_ptr_inplaceIN4TreeIN14internal_tests10StrangeIntESt4lessIS4_EE4NodeESaIS8_ELNS_12_Lock_policyE2EEED2Ev
FNDA:88,_ZN9__gnu_cxx13new_allocatorISt23_Sp_counted_ptr_inplaceIN4TreeIN14internal_tests10StrangeIntESt4lessIS4_EE4NodeESaIS8_ELNS_12_Lock_policyE2EEED2Ev
FN:89,_ZN9__gnu_cxx13new_allocatorISt23_Sp_counted_ptr_inplaceIN4TreeIiSt4lessIiEE4NodeESaIS6_ELNS_12_Lock_policyE2EEED2Ev
FNDA:130,_ZN9__gnu_cxx13new_allocatorISt23_Sp_counted_ptr_inplaceIN4TreeIiSt4lessIiEE4NodeESaIS6_ELNS_12_Lock_policyE2EEED2Ev
FN:89,_ZN9__gnu_cxx13new_allocatorISt23_Sp_counted_ptr_inplaceIN4TreeINSt7__cxx1112basic_stringIcSt11char_traitsIcESaIcEEESt4lessIS8_EE4NodeESaISC_ELNS_12_Lock_policyE2EEED2Ev
FNDA:20,_ZN9__gnu_cxx13new_allocatorISt23_Sp_counted_ptr_inplaceIN4TreeINSt7__cxx1112basic_stringIcSt11char_traitsIcESaIcEEESt4lessIS8_EE4NodeESaISC_ELNS_12_Lock_policyE2EEED2Ev
FN:89,_ZN9__gnu_cxx13new_allocatorIN4TreeIN14internal_tests10StrangeIntESt4lessIS3_EE4NodeEED2Ev
FNDA:176,_ZN9__gnu_cxx13new_allocatorIN4TreeIN14internal_tests10StrangeIntESt4lessIS3_EE4NodeEED2Ev
FN:89,_ZN9__gnu_cxx13new_allocatorIN4TreeISt4pairIiiESt4lessIS3_EE4NodeEED2Ev
FNDA:28,_ZN9__gnu_cxx13new_allocatorIN4TreeISt4pairIiiESt4lessIS3_EE4NodeEED2Ev
FN:89,_ZN9__gnu_cxx13new_allocatorIcED2Ev
FNDA:0,_ZN9__gnu_cxx13new_allocatorIcED2Ev
FN:89,_ZN9__gnu_cxx13new_allocatorISt13_Rb_tree_nodeIiEED2Ev
FNDA:1,_ZN9__gnu_cxx13new_allocatorISt13_Rb_tree_nodeIiEED2Ev
FN:89,_ZN9__gnu_cxx13new_allocatorIN4TreeIiSt4lessIiEE4NodeEED2Ev
FNDA:260,_ZN9__gnu_cxx13new_allocatorIN4TreeIiSt4lessIiEE4NodeEED2Ev
FN:89,_ZN9__gnu_cxx13new_allocatorIN4TreeINSt7__cxx1112basic_stringIcSt11char_traitsIcESaIcEEESt4lessIS7_EE4NodeEED2Ev
FNDA:40,_ZN9__gnu_cxx13new_allocatorIN4TreeINSt7__cxx1112basic_stringIcSt11char_traitsIcESaIcEEESt4lessIS7_EE4NodeEED2Ev
FN:102,_ZN9__gnu_cxx13new_allocatorISt23_Sp_counted_ptr_inplaceIN4TreeISt4pairIiiESt4lessIS4_EE4NodeESaIS8_ELNS_12_Lock_policyE2EEE8allocateEmPKv
FNDA:7,_ZN9__gnu_cxx13new_allocatorISt23_Sp_counted_ptr_inplaceIN4TreeISt4pairIiiESt4lessIS4_EE4NodeESaIS8_ELNS_12_Lock_policyE2EEE8allocateEmPKv
FN:102,_ZN9__gnu_cxx13new_allocatorISt23_Sp_counted_ptr_inplaceIN4TreeINSt7__cxx1112basic_stringIcSt11char_traitsIcESaIcEEESt4lessIS8_EE4NodeESaISC_ELNS_12_Lock_policyE2EEE8allocateEmPKv
FNDA:10,_ZN9__gnu_cxx13new_allocatorISt23_Sp_counted_ptr_inplaceIN4TreeINSt7__cxx1112basic_stringIcSt11char_traitsIcESaIcEEESt4lessIS8_EE4NodeESaISC_ELNS_12_Lock_policyE2EEE8allocateEmPKv
FN:102,_ZN9__gnu_cxx13new_allocatorISt13_Rb_tree_nodeIiEE8allocateEmPKv
FNDA:8,_ZN9__gnu_cxx13new_allocatorISt13_Rb_tree_nodeIiEE8allocateEmPKv
FN:102,_ZN9__gnu_cxx13new_allocatorISt23_Sp_counted_ptr_inplaceIN4TreeIN14internal_tests10StrangeIntESt4lessIS4_EE4NodeESaIS8_ELNS_12_Lock_policyE2EEE8allocateEmPKv
FNDA:44,_ZN9__gnu_cxx13new_allocatorISt23_Sp_counted_ptr_inplaceIN4TreeIN14internal_tests10StrangeIntESt4lessIS4_EE4NodeESaIS8_ELNS_12_Lock_policyE2EEE8allocateEmPKv
FN:102,_ZN9__gnu_cxx13new_allocatorISt23_Sp_counted_ptr_inplaceIN4TreeIiSt4lessIiEE4NodeESaIS6_ELNS_12_Lock_policyE2EEE8allocateEmPKv
FNDA:65,_ZN9__gnu_cxx13new_allocatorISt23_Sp_counted_ptr_inplaceIN4TreeIiSt4lessIiEE4NodeESaIS6_ELNS_12_Lock_policyE2EEE8allocateEmPKv
FN:119,_ZN9__gnu_cxx13new_allocatorISt23_Sp_counted_ptr_inplaceIN4TreeISt4pairIiiESt4lessIS4_EE4NodeESaIS8_ELNS_12_Lock_policyE2EEE10deallocateEPSB_m
FNDA:7,_ZN9__gnu_cxx13new_allocatorISt23_Sp_counted_ptr_inplaceIN4TreeISt4pairIiiESt4lessIS4_EE4NodeESaIS8_ELNS_12_Lock_policyE2EEE10deallocateEPSB_m
FN:119,_ZN9__gnu_cxx13new_allocatorISt13_Rb_tree_nodeIiEE10deallocateEPS2_m
FNDA:8,_ZN9__gnu_cxx13new_allocatorISt13_Rb_tree_nodeIiEE10deallocateEPS2_m
FN:119,_ZN9__gnu_cxx13new_allocatorISt23_Sp_counted_ptr_inplaceIN4TreeIN14internal_tests10StrangeIntESt4lessIS4_EE4NodeESaIS8_ELNS_12_Lock_policyE2EEE10deallocateEPSB_m
FNDA:44,_ZN9__gnu_cxx13new_allocatorISt23_Sp_counted_ptr_inplaceIN4TreeIN14internal_tests10StrangeIntESt4lessIS4_EE4NodeESaIS8_ELNS_12_Lock_policyE2EEE10deallocateEPSB_m
FN:119,_ZN9__gnu_cxx13new_allocatorISt23_Sp_counted_ptr_inplaceIN4TreeINSt7__cxx1112basic_stringIcSt11char_traitsIcESaIcEEESt4lessIS8_EE4NodeESaISC_ELNS_12_Lock_policyE2EEE10deallocateEPSF_m
FNDA:10,_ZN9__gnu_cxx13new_allocatorISt23_Sp_counted_ptr_inplaceIN4TreeINSt7__cxx1112basic_stringIcSt11char_traitsIcESaIcEEESt4lessIS8_EE4NodeESaISC_ELNS_12_Lock_policyE2EEE10deallocateEPSF_m
FN:119,_ZN9__gnu_cxx13new_allocatorISt23_Sp_counted_ptr_inplaceIN4TreeIiSt4lessIiEE4NodeESaIS6_ELNS_12_Lock_policyE2EEE10deallocateEPS9_m
FNDA:65,_ZN9__gnu_cxx13new_allocatorISt23_Sp_counted_ptr_inplaceIN4TreeIiSt4lessIiEE4NodeESaIS6_ELNS_12_Lock_policyE2EEE10deallocateEPS9_m
FN:132,_ZNK9__gnu_cxx13new_allocatorISt13_Rb_tree_nodeIiEE8max_sizeEv
FNDA:8,_ZNK9__gnu_cxx13new_allocatorISt13_Rb_tree_nodeIiEE8max_sizeEv
FN:132,_ZNK9__gnu_cxx13new_allocatorISt23_Sp_counted_ptr_inplaceIN4TreeIN14internal_tests10StrangeIntESt4lessIS4_EE4NodeESaIS8_ELNS_12_Lock_policyE2EEE8max_sizeEv
FNDA:44,_ZNK9__gnu_cxx13new_allocatorISt23_Sp_counted_ptr_inplaceIN4TreeIN14internal_tests10StrangeIntESt4lessIS4_EE4NodeESaIS8_ELNS_12_Lock_policyE2EEE8max_sizeEv
FN:132,_ZNK9__gnu_cxx13new_allocatorISt23_Sp_counted_ptr_inplaceIN4TreeISt4pairIiiESt4lessIS4_EE4NodeESaIS8_ELNS_12_Lock_policyE2EEE8max_sizeEv
FNDA:7,_ZNK9__gnu_cxx13new_allocatorISt23_Sp_counted_ptr_inplaceIN4TreeISt4pairIiiESt4lessIS4_EE4NodeESaIS8_ELNS_12_Lock_policyE2EEE8max_sizeEv
FN:132,_ZNK9__gnu_cxx13new_allocatorISt23_Sp_counted_ptr_inplaceIN4TreeINSt7__cxx1112basic_stringIcSt11char_traitsIcESaIcEEESt4lessIS8_EE4NodeESaISC_ELNS_12_Lock_policyE2EEE8max_sizeEv
FNDA:10,_ZNK9__gnu_cxx13new_allocatorISt23_Sp_counted_ptr_inplaceIN4TreeINSt7__cxx1112basic_stringIcSt11char_traitsIcESaIcEEESt4lessIS8_EE4NodeESaISC_ELNS_12_Lock_policyE2EEE8max_sizeEv
FN:132,_ZNK9__gnu_cxx13new_allocatorISt23_Sp_counted_ptr_inplaceIN4TreeIiSt4lessIiEE4NodeESaIS6_ELNS_12_Lock_policyE2EEE8max_sizeEv
FNDA:65,_ZNK9__gnu_cxx13new_allocatorISt23_Sp_counted_ptr_inplaceIN4TreeIiSt4lessIiEE4NodeESaIS6_ELNS_12_Lock_policyE2EEE8max_sizeEv
FN:144,_ZN9__gnu_cxx13new_allocatorIN4TreeIiSt4lessIiEE4NodeEE9constructIS5_JEEEvPT_DpOT0_
FNDA:3,_ZN9__gnu_cxx13new_allocatorIN4TreeIiSt4lessIiEE4NodeEE9constructIS5_JEEEvPT_DpOT0_
FN:144,_ZN9__gnu_cxx13new_allocatorISt13_Rb_tree_nodeIiEE9constructIiJRiEEEvPT_DpOT0_
FNDA:8,_ZN9__gnu_cxx13new_allocatorISt13_Rb_tree_nodeIiEE9constructIiJRiEEEvPT_DpOT0_
FN:144,_ZN9__gnu_cxx13new_allocatorIN4TreeISt4pairIiiESt4lessIS3_EE4NodeEE9constructIS7_JRKS3_EEEvPT_DpOT0_
FNDA:6,_ZN9__gnu_cxx13new_allocatorIN4TreeISt4pairIiiESt4lessIS3_EE4NodeEE9constructIS7_JRKS3_EEEvPT_DpOT0_
FN:144,_ZN9__gnu_cxx13new_allocatorIN4TreeIN14internal_tests10StrangeIntESt4lessIS3_EE4NodeEE9constructIS7_JRKS3_EEEvPT_DpOT0_
FNDA:20,_ZN9__gnu_cxx13new_allocatorIN4TreeIN14internal_tests10StrangeIntESt4lessIS3_EE4NodeEE9constructIS7_JRKS3_EEEvPT_DpOT0_
FN:144,_ZN9__gnu_cxx13new_allocatorIN4TreeIN14internal_tests10StrangeIntESt4lessIS3_EE4NodeEE9constructIS7_JRS3_RSt10shared_ptrIS7_ERmEEEvPT_DpOT0_
FNDA:19,_ZN9__gnu_cxx13new_allocatorIN4TreeIN14internal_tests10StrangeIntESt4lessIS3_EE4NodeEE9constructIS7_JRS3_RSt10shared_ptrIS7_ERmEEEvPT_DpOT0_
FN:144,_ZN9__gnu_cxx13new_allocatorIN4TreeINSt7__cxx1112basic_stringIcSt11char_traitsIcESaIcEEESt4lessIS7_EE4NodeEE9constructISB_JRS7_RSt10shared_ptrISB_ERmEEEvPT_DpOT0_
FNDA:0,_ZN9__gnu_cxx13new_allocatorIN4TreeINSt7__cxx1112basic_stringIcSt11char_traitsIcESaIcEEESt4lessIS7_EE4NodeEE9constructISB_JRS7_RSt10shared_ptrISB_ERmEEEvPT_DpOT0_
FN:144,_ZN9__gnu_cxx13new_allocatorIN4TreeINSt7__cxx1112basic_stringIcSt11char_traitsIcESaIcEEESt4lessIS7_EE4NodeEE9constructISB_JRKS7_EEEvPT_DpOT0_
FNDA:5,_ZN9__gnu_cxx13new_allocatorIN4TreeINSt7__cxx1112basic_stringIcSt11char_traitsIcESaIcEEESt4lessIS7_EE4NodeEE9constructISB_JRKS7_EEEvPT_DpOT0_
FN:144,_ZN9__gnu_cxx13new_allocatorIN4TreeIiSt4lessIiEE4NodeEE9constructIS5_JRKiEEEvPT_DpOT0_
FNDA:18,_ZN9__gnu_cxx13new_allocatorIN4TreeIiSt4lessIiEE4NodeEE9constructIS5_JRKiEEEvPT_DpOT0_
FN:144,_ZN9__gnu_cxx13new_allocatorIN4TreeIiSt4lessIiEE4NodeEE9constructIS5_JRiRSt10shared_ptrIS5_ERmEEEvPT_DpOT0_
FNDA:43,_ZN9__gnu_cxx13new_allocatorIN4TreeIiSt4lessIiEE4NodeEE9constructIS5_JRiRSt10shared_ptrIS5_ERmEEEvPT_DpOT0_
FN:144,_ZN9__gnu_cxx13new_allocatorIN4TreeIN14internal_tests10StrangeIntESt4lessIS3_EE4NodeEE9constructIS7_JSt10shared_ptrIS7_EEEEvPT_DpOT0_
FNDA:2,_ZN9__gnu_cxx13new_allocatorIN4TreeIN14internal_tests10StrangeIntESt4lessIS3_EE4NodeEE9constructIS7_JSt10shared_ptrIS7_EEEEvPT_DpOT0_
FN:144,_ZN9__gnu_cxx13new_allocatorIN4TreeIN14internal_tests10StrangeIntESt4lessIS3_EE4NodeEE9constructIS7_JEEEvPT_DpOT0_
FNDA:3,_ZN9__gnu_cxx13new_allocatorIN4TreeIN14internal_tests10StrangeIntESt4lessIS3_EE4NodeEE9constructIS7_JEEEvPT_DpOT0_
FN:144,_ZN9__gnu_cxx13new_allocatorIN4TreeISt4pairIiiESt4lessIS3_EE4NodeEE9constructIS7_JEEEvPT_DpOT0_
FNDA:1,_ZN9__gnu_cxx13new_allocatorIN4TreeISt4pairIiiESt4lessIS3_EE4NodeEE9constructIS7_JEEEvPT_DpOT0_
FN:144,_ZN9__gnu_cxx13new_allocatorIN4TreeINSt7__cxx1112basic_stringIcSt11char_traitsIcESaIcEEESt4lessIS7_EE4NodeEE9constructISB_JSt10shared_ptrISB_EEEEvPT_DpOT0_
FNDA:1,_ZN9__gnu_cxx13new_allocatorIN4TreeINSt7__cxx1112basic_stringIcSt11char_traitsIcESaIcEEESt4lessIS7_EE4NodeEE9constructISB_JSt10shared_ptrISB_EEEEvPT_DpOT0_
FN:144,_ZN9__gnu_cxx13new_allocatorIN4TreeINSt7__cxx1112basic_stringIcSt11char_traitsIcESaIcEEESt4lessIS7_EE4NodeEE9constructISB_JEEEvPT_DpOT0_
FNDA:4,_ZN9__gnu_cxx13new_allocatorIN4TreeINSt7__cxx1112basic_stringIcSt11char_traitsIcESaIcEEESt4lessIS7_EE4NodeEE9constructISB_JEEEvPT_DpOT0_
FN:144,_ZN9__gnu_cxx13new_allocatorIN4TreeIiSt4lessIiEE4NodeEE9constructIS5_JSt10shared_ptrIS5_EEEEvPT_DpOT0_
FNDA:1,_ZN9__gnu_cxx13new_allocatorIN4TreeIiSt4lessIiEE4NodeEE9constructIS5_JSt10shared_ptrIS5_EEEEvPT_DpOT0_
FN:150,_ZN9__gnu_cxx13new_allocatorISt13_Rb_tree_nodeIiEE7destroyIiEEvPT_
FNDA:8,_ZN9__gnu_cxx13new_allocatorISt13_Rb_tree_nodeIiEE7destroyIiEEvPT_
FN:150,_ZN9__gnu_cxx13new_allocatorIN4TreeIiSt4lessIiEE4NodeEE7destroyIS5_EEvPT_
FNDA:65,_ZN9__gnu_cxx13new_allocatorIN4TreeIiSt4lessIiEE4NodeEE7destroyIS5_EEvPT_
FN:150,_ZN9__gnu_cxx13new_allocatorIN4TreeIN14internal_tests10StrangeIntESt4lessIS3_EE4NodeEE7destroyIS7_EEvPT_
FNDA:44,_ZN9__gnu_cxx13new_allocatorIN4TreeIN14internal_tests10StrangeIntESt4lessIS3_EE4NodeEE7destroyIS7_EEvPT_
FN:150,_ZN9__gnu_cxx13new_allocatorIN4TreeISt4pairIiiESt4lessIS3_EE4NodeEE7destroyIS7_EEvPT_
FNDA:7,_ZN9__gnu_cxx13new_allocatorIN4TreeISt4pairIiiESt4lessIS3_EE4NodeEE7destroyIS7_EEvPT_
FN:150,_ZN9__gnu_cxx13new_allocatorIN4TreeINSt7__cxx1112basic_stringIcSt11char_traitsIcESaIcEEESt4lessIS7_EE4NodeEE7destroyISB_EEvPT_
FNDA:10,_ZN9__gnu_cxx13new_allocatorIN4TreeINSt7__cxx1112basic_stringIcSt11char_traitsIcESaIcEEESt4lessIS7_EE4NodeEE7destroyISB_EEvPT_
DA:80,88
DA:80,14
DA:80,20
DA:80,130
DA:80,44
DA:80,7
DA:80,10
DA:80,1
DA:80,65
DA:80,0
DA:83,132
DA:83,21
DA:83,30
DA:83,195
DA:83,0
DA:89,88
DA:89,14
DA:89,20
DA:89,130
DA:89,176
DA:89,28
DA:89,40
DA:89,260
DA:89,1
DA:89,0
DA:102,44
DA:104,44
DA:105,0
DA:114,44
DA:102,7
DA:104,7
DA:105,0
DA:114,7
DA:102,10
DA:104,10
DA:105,0
DA:114,10
DA:102,8
DA:104,8
DA:105,0
DA:114,8
DA:102,65
DA:104,65
DA:105,0
DA:114,65
DA:119,44
DA:128,44
DA:129,44
DA:119,7
DA:128,7
DA:129,7
DA:119,10
DA:128,10
DA:129,10
DA:119,65
DA:128,65
DA:129,65
DA:119,8
DA:128,8
DA:129,8
DA:132,44
DA:135,44
DA:132,7
DA:135,7
DA:132,10
DA:135,10
DA:132,8
DA:135,8
DA:132,65
DA:135,65
DA:144,6
DA:146,6
DA:144,20
DA:146,20
DA:144,19
DA:146,19
DA:144,0
DA:146,0
DA:144,5
DA:146,5
DA:144,18
DA:146,18
DA:144,43
DA:146,43
DA:144,2
DA:146,2
DA:144,3
DA:146,6
DA:144,1
DA:146,2
DA:144,1
DA:146,1
DA:144,4
DA:146,8
DA:144,1
DA:146,1
DA:144,8
DA:146,8
DA:144,3
DA:146,6
DA:150,65
DA:152,65
DA:150,10
DA:152,10
DA:150,7
DA:152,7
DA:150,44
DA:152,44
DA:150,8
DA:152,8
end_of_record
SF:/usr/include/c++/9/ext/type_traits.h
FN:152,_ZN9__gnu_cxx17__is_null_pointerIcEEbPT_
FNDA:0,_ZN9__gnu_cxx17__is_null_pointerIcEEbPT_
FN:152,_ZN9__gnu_cxx17__is_null_pointerIKcEEbPT_
FNDA:0,_ZN9__gnu_cxx17__is_null_pointerIKcEEbPT_
DA:152,0
DA:153,0
DA:152,0
DA:153,0
end_of_record
SF:/usr/include/c++/9/bits/move.h
FN:47,_ZSt11__addressofISaISt23_Sp_counted_ptr_inplaceIN4TreeISt4pairIiiESt4lessIS3_EE4NodeESaIS7_ELN9__gnu_cxx12_Lock_policyE2EEEEPT_RSD_
FNDA:14,_ZSt11__addressofISaISt23_Sp_counted_ptr_inplaceIN4TreeISt4pairIiiESt4lessIS3_EE4NodeESaIS7_ELN9__gnu_cxx12_Lock_policyE2EEEEPT_RSD_
FN:47,_ZSt11__addressofISaISt23_Sp_counted_ptr_inplaceIN4TreeINSt7__cxx1112basic_stringIcSt11char_traitsIcESaIcEEESt4lessIS7_EE4NodeESaISB_ELN9__gnu_cxx12_Lock_policyE2EEEEPT_RSH_
FNDA:20,_ZSt11__addressofISaISt23_Sp_counted_ptr_inplaceIN4TreeINSt7__cxx1112basic_stringIcSt11char_traitsIcESaIcEEESt4lessIS7_EE4NodeESaISB_ELN9__gnu_cxx12_Lock_policyE2EEEEPT_RSH_
FN:47,_ZSt11__addressofISaISt23_Sp_counted_ptr_inplaceIN4TreeIiSt4lessIiEE4NodeESaIS5_ELN9__gnu_cxx12_Lock_policyE2EEEEPT_RSB_
FNDA:130,_ZSt11__addressofISaISt23_Sp_counted_ptr_inplaceIN4TreeIiSt4lessIiEE4NodeESaIS5_ELN9__gnu_cxx12_Lock_policyE2EEEEPT_RSB_
FN:47,_ZSt11__addressofISaISt23_Sp_counted_ptr_inplaceIN4TreeIN14internal_tests10StrangeIntESt4lessIS3_EE4NodeESaIS7_ELN9__gnu_cxx12_Lock_policyE2EEEEPT_RSD_
FNDA:88,_ZSt11__addressofISaISt23_Sp_counted_ptr_inplaceIN4TreeIN14internal_tests10StrangeIntESt4lessIS3_EE4NodeESaIS7_ELN9__gnu_cxx12_Lock_policyE2EEEEPT_RSD_
FN:74,_ZSt7forwardIRiEOT_RNSt16remove_referenceIS1_E4typeE
FNDA:400,_ZSt7forwardIRiEOT_RNSt16remove_referenceIS1_E4typeE
FN:74,_ZSt7forwardISt10shared_ptrIN4TreeIN14internal_tests10StrangeIntESt4lessIS3_EE4NodeEEEOT_RNSt16remove_referenceIS9_E4typeE
FNDA:16,_ZSt7forwardISt10shared_ptrIN4TreeIN14internal_tests10StrangeIntESt4lessIS3_EE4NodeEEEOT_RNSt16remove_referenceIS9_E4typeE
FN:74,_ZSt7forwardIRSt10shared_ptrIN4TreeIiSt4lessIiEE4NodeEEEOT_RNSt16remove_referenceIS8_E4typeE
FNDA:344,_ZSt7forwardIRSt10shared_ptrIN4TreeIiSt4lessIiEE4NodeEEEOT_RNSt16remove_referenceIS8_E4typeE
FN:74,_ZSt7forwardIRmEOT_RNSt16remove_referenceIS1_E4typeE
FNDA:496,_ZSt7forwardIRmEOT_RNSt16remove_referenceIS1_E4typeE
FN:74,_ZSt7forwardIRKiEOT_RNSt16remove_referenceIS2_E4typeE
FNDA:144,_ZSt7forwardIRKiEOT_RNSt16remove_referenceIS2_E4typeE
FN:74,_ZSt7forwardISt10shared_ptrIN4TreeINSt7__cxx1112basic_stringIcSt11char_traitsIcESaIcEEESt4lessIS7_EE4NodeEEEOT_RNSt16remove_referenceISD_E4typeE
FNDA:8,_ZSt7forwardISt10shared_ptrIN4TreeINSt7__cxx1112basic_stringIcSt11char_traitsIcESaIcEEESt4lessIS7_EE4NodeEEEOT_RNSt16remove_referenceISD_E4typeE
FN:74,_ZSt7forwardIRKNSt7__cxx1112basic_stringIcSt11char_traitsIcESaIcEEEEOT_RNSt16remove_referenceIS8_E4typeE
FNDA:40,_ZSt7forwardIRKNSt7__cxx1112basic_stringIcSt11char_traitsIcESaIcEEEEOT_RNSt16remove_referenceIS8_E4typeE
FN:74,_ZSt7forwardIRNSt7__cxx1112basic_stringIcSt11char_traitsIcESaIcEEEEOT_RNSt16remove_referenceIS7_E4typeE
FNDA:0,_ZSt7forwardIRNSt7__cxx1112basic_stringIcSt11char_traitsIcESaIcEEEEOT_RNSt16remove_referenceIS7_E4typeE
FN:74,_ZSt7forwardIRSt10shared_ptrIN4TreeINSt7__cxx1112basic_stringIcSt11char_traitsIcESaIcEEESt4lessIS7_EE4NodeEEEOT_RNSt16remove_referenceISE_E4typeE
FNDA:0,_ZSt7forwardIRSt10shared_ptrIN4TreeINSt7__cxx1112basic_stringIcSt11char_traitsIcESaIcEEESt4lessIS7_EE4NodeEEEOT_RNSt16remove_referenceISE_E4typeE
FN:74,_ZSt7forwardISt10shared_ptrIN4TreeIiSt4lessIiEE4NodeEEEOT_RNSt16remove_referenceIS7_E4typeE
FNDA:8,_ZSt7forwardISt10shared_ptrIN4TreeIiSt4lessIiEE4NodeEEEOT_RNSt16remove_referenceIS7_E4typeE
FN:74,_ZSt7forwardIRN14internal_tests10StrangeIntEEOT_RNSt16remove_referenceIS3_E4typeE
FNDA:152,_ZSt7forwardIRN14internal_tests10StrangeIntEEOT_RNSt16remove_referenceIS3_E4typeE
FN:74,_ZSt7forwardIRSt10shared_ptrIN4TreeIN14internal_tests10StrangeIntESt4lessIS3_EE4NodeEEEOT_RNSt16remove_referenceISA_E4typeE
FNDA:152,_ZSt7forwardIRSt10shared_ptrIN4TreeIN14internal_tests10StrangeIntESt4lessIS3_EE4NodeEEEOT_RNSt16remove_referenceISA_E4typeE
FN:74,_ZSt7forwardIRKN14internal_tests10StrangeIntEEOT_RNSt16remove_referenceIS4_E4typeE
FNDA:160,_ZSt7forwardIRKN14internal_tests10StrangeIntEEOT_RNSt16remove_referenceIS4_E4typeE
FN:74,_ZSt7forwardIRPSt18_Rb_tree_node_baseEOT_RNSt16remove_referenceIS3_E4typeE
FNDA:10,_ZSt7forwardIRPSt18_Rb_tree_node_baseEOT_RNSt16remove_referenceIS3_E4typeE
FN:74,_ZSt7forwardIRKSt4pairIiiEEOT_RNSt16remove_referenceIS4_E4typeE
FNDA:48,_ZSt7forwardIRKSt4pairIiiEEOT_RNSt16remove_referenceIS4_E4typeE
FN:74,_ZSt7forwardIRPSt13_Rb_tree_nodeIiEEOT_RNSt16remove_referenceIS4_E4typeE
FNDA:6,_ZSt7forwardIRPSt13_Rb_tree_nodeIiEEOT_RNSt16remove_referenceIS4_E4typeE
FN:99,_ZSt4moveIRSt10shared_ptrIN4TreeINSt7__cxx1112basic_stringIcSt11char_traitsIcESaIcEEESt4lessIS7_EE4NodeEEEONSt16remove_referenceIT_E4typeEOSF_
FNDA:42,_ZSt4moveIRSt10shared_ptrIN4TreeINSt7__cxx1112basic_stringIcSt11char_traitsIcESaIcEEESt4lessIS7_EE4NodeEEEONSt16remove_referenceIT_E4typeEOSF_
FN:99,_ZSt4moveIRSt10shared_ptrIN4TreeIiSt4lessIiEE4NodeEEEONSt16remove_referenceIT_E4typeEOS9_
FNDA:334,_ZSt4moveIRSt10shared_ptrIN4TreeIiSt4lessIiEE4NodeEEEONSt16remove_referenceIT_E4typeEOS9_
FN:99,_ZSt4moveIRSt10shared_ptrIN4TreeISt4pairIiiESt4lessIS3_EE4NodeEEEONSt16remove_referenceIT_E4typeEOSB_
FNDA:29,_ZSt4moveIRSt10shared_ptrIN4TreeISt4pairIiiESt4lessIS3_EE4NodeEEEONSt16remove_referenceIT_E4typeEOSB_
FN:99,_ZSt4moveIRSt10shared_ptrIN4TreeIN14internal_tests10StrangeIntESt4lessIS3_EE4NodeEEEONSt16remove_referenceIT_E4typeEOSB_
FNDA:192,_ZSt4moveIRSt10shared_ptrIN4TreeIN14internal_tests10StrangeIntESt4lessIS3_EE4NodeEEEONSt16remove_referenceIT_E4typeEOSB_
FN:99,_ZSt4moveIRSt12__shared_ptrIN4TreeIiSt4lessIiEE4NodeELN9__gnu_cxx12_Lock_policyE2EEEONSt16remove_referenceIT_E4typeEOSB_
FNDA:240,_ZSt4moveIRSt12__shared_ptrIN4TreeIiSt4lessIiEE4NodeELN9__gnu_cxx12_Lock_policyE2EEEONSt16remove_referenceIT_E4typeEOSB_
FN:99,_ZSt4moveIRSaIcEEONSt16remove_referenceIT_E4typeEOS3_
FNDA:0,_ZSt4moveIRSaIcEEONSt16remove_referenceIT_E4typeEOS3_
FN:99,_ZSt4moveIRSt12__shared_ptrIN4TreeINSt7__cxx1112basic_stringIcSt11char_traitsIcESaIcEEESt4lessIS7_EE4NodeELN9__gnu_cxx12_Lock_policyE2EEEONSt16remove_referenceIT_E4typeEOSH_
FNDA:37,_ZSt4moveIRSt12__shared_ptrIN4TreeINSt7__cxx1112basic_stringIcSt11char_traitsIcESaIcEEESt4lessIS7_EE4NodeELN9__gnu_cxx12_Lock_policyE2EEEONSt16remove_referenceIT_E4typeEOSH_
FN:99,_ZSt4moveIRSt12__shared_ptrIN4TreeISt4pairIiiESt4lessIS3_EE4NodeELN9__gnu_cxx12_Lock_policyE2EEEONSt16remove_referenceIT_E4typeEOSD_
FNDA:27,_ZSt4moveIRSt12__shared_ptrIN4TreeISt4pairIiiESt4lessIS3_EE4NodeELN9__gnu_cxx12_Lock_policyE2EEEONSt16remove_referenceIT_E4typeEOSD_
FN:99,_ZSt4moveIRSt12__shared_ptrIN4TreeIN14internal_tests10StrangeIntESt4lessIS3_EE4NodeELN9__gnu_cxx12_Lock_policyE2EEEONSt16remove_referenceIT_E4typeEOSD_
FNDA:137,_ZSt4moveIRSt12__shared_ptrIN4TreeIN14internal_tests10StrangeIntESt4lessIS3_EE4NodeELN9__gnu_cxx12_Lock_policyE2EEEONSt16remove_referenceIT_E4typeEOSD_
FN:99,_ZSt4moveIRPN4TreeIiSt4lessIiEE4NodeEEONSt16remove_referenceIT_E4typeEOS8_
FNDA:720,_ZSt4moveIRPN4TreeIiSt4lessIiEE4NodeEEONSt16remove_referenceIT_E4typeEOS8_
FN:99,_ZSt4moveIRPN4TreeINSt7__cxx1112basic_stringIcSt11char_traitsIcESaIcEEESt4lessIS6_EE4NodeEEONSt16remove_referenceIT_E4typeEOSE_
FNDA:129,_ZSt4moveIRPN4TreeINSt7__cxx1112basic_stringIcSt11char_traitsIcESaIcEEESt4lessIS6_EE4NodeEEONSt16remove_referenceIT_E4typeEOSE_
FN:99,_ZSt4moveIRPN4TreeISt4pairIiiESt4lessIS2_EE4NodeEEONSt16remove_referenceIT_E4typeEOSA_
FNDA:81,_ZSt4moveIRPN4TreeISt4pairIiiESt4lessIS2_EE4NodeEEONSt16remove_referenceIT_E4typeEOSA_
FN:99,_ZSt4moveIRPN4TreeIN14internal_tests10StrangeIntESt4lessIS2_EE4NodeEEONSt16remove_referenceIT_E4typeEOSA_
FNDA:411,_ZSt4moveIRPN4TreeIN14internal_tests10StrangeIntESt4lessIS2_EE4NodeEEONSt16remove_referenceIT_E4typeEOSA_
FN:182,_ZSt4swapIPN4TreeIiSt4lessIiEE4NodeEENSt9enable_ifIXsrSt6__and_IJSt6__not_ISt15__is_tuple_likeIT_EESt21is_move_constructibleISA_ESt18is_move_assignableISA_EEE5valueEvE4typeERSA_SK_
FNDA:240,_ZSt4swapIPN4TreeIiSt4lessIiEE4NodeEENSt9enable_ifIXsrSt6__and_IJSt6__not_ISt15__is_tuple_likeIT_EESt21is_move_constructibleISA_ESt18is_move_assignableISA_EEE5valueEvE4typeERSA_SK_
FN:182,_ZSt4swapIPN4TreeINSt7__cxx1112basic_stringIcSt11char_traitsIcESaIcEEESt4lessIS6_EE4NodeEENSt9enable_ifIXsrSt6__and_IJSt6__not_ISt15__is_tuple_likeIT_EESt21is_move_constructibleISG_ESt18is_move_assignableISG_EEE5valueEvE4typeERSG_SQ_
FNDA:43,_ZSt4swapIPN4TreeINSt7__cxx1112basic_stringIcSt11char_traitsIcESaIcEEESt4lessIS6_EE4NodeEENSt9enable_ifIXsrSt6__and_IJSt6__not_ISt15__is_tuple_likeIT_EESt21is_move_constructibleISG_ESt18is_move_assignableISG_EEE5valueEvE4typeERSG_SQ_
FN:182,_ZSt4swapIPN4TreeISt4pairIiiESt4lessIS2_EE4NodeEENSt9enable_ifIXsrSt6__and_IJSt6__not_ISt15__is_tuple_likeIT_EESt21is_move_constructibleISC_ESt18is_move_assignableISC_EEE5valueEvE4typeERSC_SM_
FNDA:27,_ZSt4swapIPN4TreeISt4pairIiiESt4lessIS2_EE4NodeEENSt9enable_ifIXsrSt6__and_IJSt6__not_ISt15__is_tuple_likeIT_EESt21is_move_constructibleISC_ESt18is_move_assignableISC_EEE5valueEvE4typeERSC_SM_
FN:182,_ZSt4swapIPN4TreeIN14internal_tests10StrangeIntESt4lessIS2_EE4NodeEENSt9enable_ifIXsrSt6__and_IJSt6__not_ISt15__is_tuple_likeIT_EESt21is_move_constructibleISC_ESt18is_move_assignableISC_EEE5valueEvE4typeERSC_SM_
FNDA:137,_ZSt4swapIPN4TreeIN14internal_tests10StrangeIntESt4lessIS2_EE4NodeEENSt9enable_ifIXsrSt6__and_IJSt6__not_ISt15__is_tuple_likeIT_EESt21is_move_constructibleISC_ESt18is_move_assignableISC_EEE5valueEvE4typeERSC_SM_
DA:47,88
DA:48,88
DA:47,14
DA:48,14
DA:47,20
DA:48,20
DA:47,130
DA:48,130
DA:74,6
DA:75,6
DA:74,48
DA:75,48
DA:74,10
DA:75,10
DA:74,160
DA:75,160
DA:74,152
DA:75,152
DA:74,152
DA:75,152
DA:74,0
DA:75,0
DA:74,0
DA:75,0
DA:74,40
DA:75,40
DA:74,144
DA:75,144
DA:74,496
DA:75,496
DA:74,344
DA:75,344
DA:74,400
DA:75,400
DA:74,16
DA:75,16
DA:74,8
DA:75,8
DA:74,8
DA:75,8
DA:99,411
DA:100,411
DA:99,81
DA:100,81
DA:99,129
DA:100,129
DA:99,720
DA:100,720
DA:99,137
DA:100,137
DA:99,27
DA:100,27
DA:99,37
DA:100,37
DA:99,240
DA:100,240
DA:99,192
DA:100,192
DA:99,29
DA:100,29
DA:99,42
DA:100,42
DA:99,334
DA:100,334
DA:99,0
DA:100,0
DA:182,137
DA:193,137
DA:194,137
DA:195,137
DA:196,137
DA:182,27
DA:193,27
DA:194,27
DA:195,27
DA:196,27
DA:182,43
DA:193,43
DA:194,43
DA:195,43
DA:196,43
DA:182,240
DA:193,240
DA:194,240
DA:195,240
DA:196,240
end_of_record
SF:/usr/include/c++/9/bits/stl_function.h
FN:385,_ZNKSt4lessISt4pairIiiEEclERKS1_S4_
FNDA:24,_ZNKSt4lessISt4pairIiiEEclERKS1_S4_
FN:385,_ZNKSt4lessIN14internal_tests10StrangeIntEEclERKS1_S4_
FNDA:104,_ZNKSt4lessIN14internal_tests10StrangeIntEEclERKS1_S4_
FN:385,_ZNKSt4lessINSt7__cxx1112basic_stringIcSt11char_traitsIcESaIcEEEEclERKS5_S8_
FNDA:21,_ZNKSt4lessINSt7__cxx1112basic_stringIcSt11char_traitsIcESaIcEEEEclERKS5_S8_
FN:385,_ZNKSt4lessIiEclERKiS2_
FNDA:142,_ZNKSt4lessIiEclERKiS2_
FN:1135,_ZNKSt9_IdentityIiEclERi
FNDA:17,_ZNKSt9_IdentityIiEclERi
FN:1139,_ZNKSt9_IdentityIiEclERKi
FNDA:35,_ZNKSt9_IdentityIiEclERKi
DA:385,24
DA:386,24
DA:385,104
DA:386,104
DA:385,21
DA:386,21
DA:385,142
DA:386,142
DA:1135,17
DA:1136,17
DA:1139,35
DA:1140,35
end_of_record
SF:/usr/include/c++/9/new
FN:173,_ZnwmPv
FNDA:268,_ZnwmPv
FN:179,_ZdlPvS_
FNDA:0,_ZdlPvS_
DA:173,268
DA:174,268
DA:179,0
end_of_record
SF:/usr/include/c++/9/bits/stl_set.h
FN:191,_ZNSt3setIiSt4lessIiESaIiEEC2IPiEET_S6_
FNDA:1,_ZNSt3setIiSt4lessIiESaIiEEC2IPiEET_S6_
FN:281,_ZNSt3setIiSt4lessIiESaIiEED2Ev
FNDA:1,_ZNSt3setIiSt4lessIiESaIiEED2Ev
FN:344,_ZNKSt3setIiSt4lessIiESaIiEE5beginEv
FNDA:1,_ZNKSt3setIiSt4lessIiESaIiEE5beginEv
FN:353,_ZNKSt3setIiSt4lessIiESaIiEE3endEv
FNDA:1,_ZNKSt3setIiSt4lessIiESaIiEE3endEv
DA:191,1
DA:192,1
DA:193,1
DA:281,1
DA:344,1
DA:345,1
DA:353,1
DA:354,1
end_of_record
SF:/usr/include/c++/9/bits/shared_ptr_base.h
FN:117,_ZNSt16_Sp_counted_baseILN9__gnu_cxx12_Lock_policyE2EEC2Ev
FNDA:126,_ZNSt16_Sp_counted_baseILN9__gnu_cxx12_Lock_policyE2EEC2Ev
FN:121,_ZNSt16_Sp_counted_baseILN9__gnu_cxx12_Lock_policyE2EED2Ev
FNDA:126,_ZNSt16_Sp_counted_baseILN9__gnu_cxx12_Lock_policyE2EED2Ev
FN:121,_ZNSt16_Sp_counted_baseILN9__gnu_cxx12_Lock_policyE2EED0Ev
FNDA:0,_ZNSt16_Sp_counted_baseILN9__gnu_cxx12_Lock_policyE2EED0Ev
FN:131,_ZNSt16_Sp_counted_baseILN9__gnu_cxx12_Lock_policyE2EE10_M_destroyEv
FNDA:0,_ZNSt16_Sp_counted_baseILN9__gnu_cxx12_Lock_policyE2EE10_M_destroyEv
FN:138,_ZNSt16_Sp_counted_baseILN9__gnu_cxx12_Lock_policyE2EE15_M_add_ref_copyEv
FNDA:898,_ZNSt16_Sp_counted_baseILN9__gnu_cxx12_Lock_policyE2EE15_M_add_ref_copyEv
FN:148,_ZNSt16_Sp_counted_baseILN9__gnu_cxx12_Lock_policyE2EE10_M_releaseEv
FNDA:1219,_ZNSt16_Sp_counted_baseILN9__gnu_cxx12_Lock_policyE2EE10_M_releaseEv
FN:177,_ZNSt16_Sp_counted_baseILN9__gnu_cxx12_Lock_policyE2EE15_M_weak_add_refEv
FNDA:303,_ZNSt16_Sp_counted_baseILN9__gnu_cxx12_Lock_policyE2EE15_M_weak_add_refEv
FN:181,_ZNSt16_Sp_counted_baseILN9__gnu_cxx12_Lock_policyE2EE15_M_weak_releaseEv
FNDA:303,_ZNSt16_Sp_counted_baseILN9__gnu_cxx12_Lock_policyE2EE15_M_weak_releaseEv
FN:199,_ZNKSt16_Sp_counted_baseILN9__gnu_cxx12_Lock_policyE2EE16_M_get_use_countEv
FNDA:392,_ZNKSt16_Sp_counted_baseILN9__gnu_cxx12_Lock_policyE2EE16_M_get_use_countEv
FN:283,_ZNSt16_Sp_counted_baseILN9__gnu_cxx12_Lock_policyE2EE23_M_add_ref_lock_nothrowEv
FNDA:197,_ZNSt16_Sp_counted_baseILN9__gnu_cxx12_Lock_policyE2EE23_M_add_ref_lock_nothrowEv
FN:414,_ZNSt14_Sp_ebo_helperILi0ESaIN4TreeIiSt4lessIiEE4NodeEELb1EEC2ERKS5_
FNDA:65,_ZNSt14_Sp_ebo_helperILi0ESaIN4TreeIiSt4lessIiEE4NodeEELb1EEC2ERKS5_
FN:414,_ZNSt14_Sp_ebo_helperILi0ESaIN4TreeINSt7__cxx1112basic_stringIcSt11char_traitsIcESaIcEEESt4lessIS6_EE4NodeEELb1EEC2ERKSB_
FNDA:10,_ZNSt14_Sp_ebo_helperILi0ESaIN4TreeINSt7__cxx1112basic_stringIcSt11char_traitsIcESaIcEEESt4lessIS6_EE4NodeEELb1EEC2ERKSB_
FN:414,_ZNSt14_Sp_ebo_helperILi0ESaIN4TreeISt4pairIiiESt4lessIS2_EE4NodeEELb1EEC2ERKS7_
FNDA:7,_ZNSt14_Sp_ebo_helperILi0ESaIN4TreeISt4pairIiiESt4lessIS2_EE4NodeEELb1EEC2ERKS7_
FN:414,_ZNSt14_Sp_ebo_helperILi0ESaIN4TreeIN14internal_tests10StrangeIntESt4lessIS2_EE4NodeEELb1EEC2ERKS7_
FNDA:44,_ZNSt14_Sp_ebo_helperILi0ESaIN4TreeIN14internal_tests10StrangeIntESt4lessIS2_EE4NodeEELb1EEC2ERKS7_
FN:418,_ZNSt14_Sp_ebo_helperILi0ESaIN4TreeINSt7__cxx1112basic_stringIcSt11char_traitsIcESaIcEEESt4lessIS6_EE4NodeEELb1EE6_S_getERSC_
FNDA:20,_ZNSt14_Sp_ebo_helperILi0ESaIN4TreeINSt7__cxx1112basic_stringIcSt11char_traitsIcESaIcEEESt4lessIS6_EE4NodeEELb1EE6_S_getERSC_
FN:418,_ZNSt14_Sp_ebo_helperILi0ESaIN4TreeIiSt4lessIiEE4NodeEELb1EE6_S_getERS6_
FNDA:130,_ZNSt14_Sp_ebo_helperILi0ESaIN4TreeIiSt4lessIiEE4NodeEELb1EE6_S_getERS6_
FN:418,_ZNSt14_Sp_ebo_helperILi0ESaIN4TreeISt4pairIiiESt4lessIS2_EE4NodeEELb1EE6_S_getERS8_
FNDA:14,_ZNSt14_Sp_ebo_helperILi0ESaIN4TreeISt4pairIiiESt4lessIS2_EE4NodeEELb1EE6_S_getERS8_
FN:418,_ZNSt14_Sp_ebo_helperILi0ESaIN4TreeIN14internal_tests10StrangeIntESt4lessIS2_EE4NodeEELb1EE6_S_getERS8_
FNDA:88,_ZNSt14_Sp_ebo_helperILi0ESaIN4TreeIN14internal_tests10StrangeIntESt4lessIS2_EE4NodeEELb1EE6_S_getERS8_
FN:508,_ZNSt19_Sp_make_shared_tag5_S_tiEv
FNDA:0,_ZNSt19_Sp_make_shared_tag5_S_tiEv
FN:531,_ZNSt23_Sp_counted_ptr_inplaceIN4TreeISt4pairIiiESt4lessIS2_EE4NodeESaIS6_ELN9__gnu_cxx12_Lock_policyE2EE5_ImplC2ES7_
FNDA:7,_ZNSt23_Sp_counted_ptr_inplaceIN4TreeISt4pairIiiESt4lessIS2_EE4NodeESaIS6_ELN9__gnu_cxx12_Lock_policyE2EE5_ImplC2ES7_
FN:531,_ZNSt23_Sp_counted_ptr_inplaceIN4TreeINSt7__cxx1112basic_stringIcSt11char_traitsIcESaIcEEESt4lessIS6_EE4NodeESaISA_ELN9__gnu_cxx12_Lock_policyE2EE5_ImplC2ESB_
FNDA:10,_ZNSt23_Sp_counted_ptr_inplaceIN4TreeINSt7__cxx1112basic_stringIcSt11char_traitsIcESaIcEEESt4lessIS6_EE4NodeESaISA_ELN9__gnu_cxx12_Lock_policyE2EE5_ImplC2ESB_
FN:531,_ZNSt23_Sp_counted_ptr_inplaceIN4TreeIiSt4lessIiEE4NodeESaIS4_ELN9__gnu_cxx12_Lock_policyE2EE5_ImplC2ES5_
FNDA:65,_ZNSt23_Sp_counted_ptr_inplaceIN4TreeIiSt4lessIiEE4NodeESaIS4_ELN9__gnu_cxx12_Lock_policyE2EE5_ImplC2ES5_
FN:531,_ZNSt23_Sp_counted_ptr_inplaceIN4TreeIN14internal_tests10StrangeIntESt4lessIS2_EE4NodeESaIS6_ELN9__gnu_cxx12_Lock_policyE2EE5_ImplC2ES7_
FNDA:44,_ZNSt23_Sp_counted_ptr_inplaceIN4TreeIN14internal_tests10StrangeIntESt4lessIS2_EE4NodeESaIS6_ELN9__gnu_cxx12_Lock_policyE2EE5_ImplC2ES7_
FN:533,_ZNSt23_Sp_counted_ptr_inplaceIN4TreeIN14internal_tests10StrangeIntESt4lessIS2_EE4NodeESaIS6_ELN9__gnu_cxx12_Lock_policyE2EE5_Impl8_M_allocEv
FNDA:88,_ZNSt23_Sp_counted_ptr_inplaceIN4TreeIN14internal_tests10StrangeIntESt4lessIS2_EE4NodeESaIS6_ELN9__gnu_cxx12_Lock_policyE2EE5_Impl8_M_allocEv
FN:533,_ZNSt23_Sp_counted_ptr_inplaceIN4TreeISt4pairIiiESt4lessIS2_EE4NodeESaIS6_ELN9__gnu_cxx12_Lock_policyE2EE5_Impl8_M_allocEv
FNDA:14,_ZNSt23_Sp_counted_ptr_inplaceIN4TreeISt4pairIiiESt4lessIS2_EE4NodeESaIS6_ELN9__gnu_cxx12_Lock_policyE2EE5_Impl8_M_allocEv
FN:533,_ZNSt23_Sp_counted_ptr_inplaceIN4TreeINSt7__cxx1112basic_stringIcSt11char_traitsIcESaIcEEESt4lessIS6_EE4NodeESaISA_ELN9__gnu_cxx12_Lock_policyE2EE5_Impl8_M_allocEv
FNDA:20,_ZNSt23_Sp_counted_ptr_inplaceIN4TreeINSt7__cxx1112basic_stringIcSt11char_traitsIcESaIcEEESt4lessIS6_EE4NodeESaISA_ELN9__gnu_cxx12_Lock_policyE2EE5_Impl8_M_allocEv
FN:533,_ZNSt23_Sp_counted_ptr_inplaceIN4TreeIiSt4lessIiEE4NodeESaIS4_ELN9__gnu_cxx12_Lock_policyE2EE5_Impl8_M_allocEv
FNDA:130,_ZNSt23_Sp_counted_ptr_inplaceIN4TreeIiSt4lessIiEE4NodeESaIS4_ELN9__gnu_cxx12_Lock_policyE2EE5_Impl8_M_allocEv
FN:543,_ZNSt23_Sp_counted_ptr_inplaceIN4TreeINSt7__cxx1112basic_stringIcSt11char_traitsIcESaIcEEESt4lessIS6_EE4NodeESaISA_ELN9__gnu_cxx12_Lock_policyE2EEC2IJRKS6_EEESB_DpOT_
FNDA:5,_ZNSt23_Sp_counted_ptr_inplaceIN4TreeINSt7__cxx1112basic_stringIcSt11char_traitsIcESaIcEEESt4lessIS6_EE4NodeESaISA_ELN9__gnu_cxx12_Lock_policyE2EEC2IJRKS6_EEESB_DpOT_
FN:543,_ZNSt23_Sp_counted_ptr_inplaceIN4TreeIiSt4lessIiEE4NodeESaIS4_ELN9__gnu_cxx12_Lock_policyE2EEC2IJRKiEEES5_DpOT_
FNDA:18,_ZNSt23_Sp_counted_ptr_inplaceIN4TreeIiSt4lessIiEE4NodeESaIS4_ELN9__gnu_cxx12_Lock_policyE2EEC2IJRKiEEES5_DpOT_
FN:543,_ZNSt23_Sp_counted_ptr_inplaceIN4TreeIN14internal_tests10StrangeIntESt4lessIS2_EE4NodeESaIS6_ELN9__gnu_cxx12_Lock_policyE2EEC2IJRS2_RSt10shared_ptrIS6_ERmEEES7_DpOT_
FNDA:19,_ZNSt23_Sp_counted_ptr_inplaceIN4TreeIN14internal_tests10StrangeIntESt4lessIS2_EE4NodeESaIS6_ELN9__gnu_cxx12_Lock_policyE2EEC2IJRS2_RSt10shared_ptrIS6_ERmEEES7_DpOT_
FN:543,_ZNSt23_Sp_counted_ptr_inplaceIN4TreeIN14internal_tests10StrangeIntESt4lessIS2_EE4NodeESaIS6_ELN9__gnu_cxx12_Lock_policyE2EEC2IJRKS2_EEES7_DpOT_
FNDA:20,_ZNSt23_Sp_counted_ptr_inplaceIN4TreeIN14internal_tests10StrangeIntESt4lessIS2_EE4NodeESaIS6_ELN9__gnu_cxx12_Lock_policyE2EEC2IJRKS2_EEES7_DpOT_
FN:543,_ZNSt23_Sp_counted_ptr_inplaceIN4TreeIiSt4lessIiEE4NodeESaIS4_ELN9__gnu_cxx12_Lock_policyE2EEC2IJRiRSt10shared_ptrIS4_ERmEEES5_DpOT_
FNDA:43,_ZNSt23_Sp_counted_ptr_inplaceIN4TreeIiSt4lessIiEE4NodeESaIS4_ELN9__gnu_cxx12_Lock_policyE2EEC2IJRiRSt10shared_ptrIS4_ERmEEES5_DpOT_
FN:543,_ZNSt23_Sp_counted_ptr_inplaceIN4TreeISt4pairIiiESt4lessIS2_EE4NodeESaIS6_ELN9__gnu_cxx12_Lock_policyE2EEC2IJRKS2_EEES7_DpOT_
FNDA:6,_ZNSt23_Sp_counted_ptr_inplaceIN4TreeISt4pairIiiESt4lessIS2_EE4NodeESaIS6_ELN9__gnu_cxx12_Lock_policyE2EEC2IJRKS2_EEES7_DpOT_
FN:543,_ZNSt23_Sp_counted_ptr_inplaceIN4TreeINSt7__cxx1112basic_stringIcSt11char_traitsIcESaIcEEESt4lessIS6_EE4NodeESaISA_ELN9__gnu_cxx12_Lock_policyE2EEC2IJRS6_RSt10shared_ptrISA_ERmEEESB_DpOT_
FNDA:0,_ZNSt23_Sp_counted_ptr_inplaceIN4TreeINSt7__cxx1112basic_stringIcSt11char_traitsIcESaIcEEESt4lessIS6_EE4NodeESaISA_ELN9__gnu_cxx12_Lock_policyE2EEC2IJRS6_RSt10shared_ptrISA_ERmEEESB_DpOT_
FN:543,_ZNSt23_Sp_counted_ptr_inplaceIN4TreeIN14internal_tests10StrangeIntESt4lessIS2_EE4NodeESaIS6_ELN9__gnu_cxx12_Lock_policyE2EEC2IJSt10shared_ptrIS6_EEEES7_DpOT_
FNDA:2,_ZNSt23_Sp_counted_ptr_inplaceIN4TreeIN14internal_tests10StrangeIntESt4lessIS2_EE4NodeESaIS6_ELN9__gnu_cxx12_Lock_policyE2EEC2IJSt10shared_ptrIS6_EEEES7_DpOT_
FN:543,_ZNSt23_Sp_counted_ptr_inplaceIN4TreeIN14internal_tests10StrangeIntESt4lessIS2_EE4NodeESaIS6_ELN9__gnu_cxx12_Lock_policyE2EEC2IJEEES7_DpOT_
FNDA:3,_ZNSt23_Sp_counted_ptr_inplaceIN4TreeIN14internal_tests10StrangeIntESt4lessIS2_EE4NodeESaIS6_ELN9__gnu_cxx12_Lock_policyE2EEC2IJEEES7_DpOT_
FN:543,_ZNSt23_Sp_counted_ptr_inplaceIN4TreeISt4pairIiiESt4lessIS2_EE4NodeESaIS6_ELN9__gnu_cxx12_Lock_policyE2EEC2IJEEES7_DpOT_
FNDA:1,_ZNSt23_Sp_counted_ptr_inplaceIN4TreeISt4pairIiiESt4lessIS2_EE4NodeESaIS6_ELN9__gnu_cxx12_Lock_policyE2EEC2IJEEES7_DpOT_
FN:543,_ZNSt23_Sp_counted_ptr_inplaceIN4TreeINSt7__cxx1112basic_stringIcSt11char_traitsIcESaIcEEESt4lessIS6_EE4NodeESaISA_ELN9__gnu_cxx12_Lock_policyE2EEC2IJSt10shared_ptrISA_EEEESB_DpOT_
FNDA:1,_ZNSt23_Sp_counted_ptr_inplaceIN4TreeINSt7__cxx1112basic_stringIcSt11char_traitsIcESaIcEEESt4lessIS6_EE4NodeESaISA_ELN9__gnu_cxx12_Lock_policyE2EEC2IJSt10shared_ptrISA_EEEESB_DpOT_
FN:543,_ZNSt23_Sp_counted_ptr_inplaceIN4TreeINSt7__cxx1112basic_stringIcSt11char_traitsIcESaIcEEESt4lessIS6_EE4NodeESaISA_ELN9__gnu_cxx12_Lock_policyE2EEC2IJEEESB_DpOT_
FNDA:4,_ZNSt23_Sp_counted_ptr_inplaceIN4TreeINSt7__cxx1112basic_stringIcSt11char_traitsIcESaIcEEESt4lessIS6_EE4NodeESaISA_ELN9__gnu_cxx12_Lock_policyE2EEC2IJEEESB_DpOT_
FN:543,_ZNSt23_Sp_counted_ptr_inplaceIN4TreeIiSt4lessIiEE4NodeESaIS4_ELN9__gnu_cxx12_Lock_policyE2EEC2IJSt10shared_ptrIS4_EEEES5_DpOT_
FNDA:1,_ZNSt23_Sp_counted_ptr_inplaceIN4TreeIiSt4lessIiEE4NodeESaIS4_ELN9__gnu_cxx12_Lock_policyE2EEC2IJSt10shared_ptrIS4_EEEES5_DpOT_
FN:543,_ZNSt23_Sp_counted_ptr_inplaceIN4TreeIiSt4lessIiEE4NodeESaIS4_ELN9__gnu_cxx12_Lock_policyE2EEC2IJEEES5_DpOT_
FNDA:3,_ZNSt23_Sp_counted_ptr_inplaceIN4TreeIiSt4lessIiEE4NodeESaIS4_ELN9__gnu_cxx12_Lock_policyE2EEC2IJEEES5_DpOT_
FN:552,_ZNSt23_Sp_counted_ptr_inplaceIN4TreeIiSt4lessIiEE4NodeESaIS4_ELN9__gnu_cxx12_Lock_policyE2EED0Ev
FNDA:0,_ZNSt23_Sp_counted_ptr_inplaceIN4TreeIiSt4lessIiEE4NodeESaIS4_ELN9__gnu_cxx12_Lock_policyE2EED0Ev
FN:552,_ZNSt23_Sp_counted_ptr_inplaceIN4TreeIiSt4lessIiEE4NodeESaIS4_ELN9__gnu_cxx12_Lock_policyE2EED2Ev
FNDA:65,_ZNSt23_Sp_counted_ptr_inplaceIN4TreeIiSt4lessIiEE4NodeESaIS4_ELN9__gnu_cxx12_Lock_policyE2EED2Ev
FN:552,_ZNSt23_Sp_counted_ptr_inplaceIN4TreeINSt7__cxx1112basic_stringIcSt11char_traitsIcESaIcEEESt4lessIS6_EE4NodeESaISA_ELN9__gnu_cxx12_Lock_policyE2EED0Ev
FNDA:0,_ZNSt23_Sp_counted_ptr_inplaceIN4TreeINSt7__cxx1112basic_stringIcSt11char_traitsIcESaIcEEESt4lessIS6_EE4NodeESaISA_ELN9__gnu_cxx12_Lock_policyE2EED0Ev
FN:552,_ZNSt23_Sp_counted_ptr_inplaceIN4TreeIN14internal_tests10StrangeIntESt4lessIS2_EE4NodeESaIS6_ELN9__gnu_cxx12_Lock_policyE2EED2Ev
FNDA:44,_ZNSt23_Sp_counted_ptr_inplaceIN4TreeIN14internal_tests10StrangeIntESt4lessIS2_EE4NodeESaIS6_ELN9__gnu_cxx12_Lock_policyE2EED2Ev
FN:552,_ZNSt23_Sp_counted_ptr_inplaceIN4TreeINSt7__cxx1112basic_stringIcSt11char_traitsIcESaIcEEESt4lessIS6_EE4NodeESaISA_ELN9__gnu_cxx12_Lock_policyE2EED2Ev
FNDA:10,_ZNSt23_Sp_counted_ptr_inplaceIN4TreeINSt7__cxx1112basic_stringIcSt11char_traitsIcESaIcEEESt4lessIS6_EE4NodeESaISA_ELN9__gnu_cxx12_Lock_policyE2EED2Ev
FN:552,_ZNSt23_Sp_counted_ptr_inplaceIN4TreeIN14internal_tests10StrangeIntESt4lessIS2_EE4NodeESaIS6_ELN9__gnu_cxx12_Lock_policyE2EED0Ev
FNDA:0,_ZNSt23_Sp_counted_ptr_inplaceIN4TreeIN14internal_tests10StrangeIntESt4lessIS2_EE4NodeESaIS6_ELN9__gnu_cxx12_Lock_policyE2EED0Ev
FN:552,_ZNSt23_Sp_counted_ptr_inplaceIN4TreeISt4pairIiiESt4lessIS2_EE4NodeESaIS6_ELN9__gnu_cxx12_Lock_policyE2EED0Ev
FNDA:0,_ZNSt23_Sp_counted_ptr_inplaceIN4TreeISt4pairIiiESt4lessIS2_EE4NodeESaIS6_ELN9__gnu_cxx12_Lock_policyE2EED0Ev
FN:552,_ZNSt23_Sp_counted_ptr_inplaceIN4TreeISt4pairIiiESt4lessIS2_EE4NodeESaIS6_ELN9__gnu_cxx12_Lock_policyE2EED2Ev
FNDA:7,_ZNSt23_Sp_counted_ptr_inplaceIN4TreeISt4pairIiiESt4lessIS2_EE4NodeESaIS6_ELN9__gnu_cxx12_Lock_policyE2EED2Ev
FN:555,_ZNSt23_Sp_counted_ptr_inplaceIN4TreeINSt7__cxx1112basic_stringIcSt11char_traitsIcESaIcEEESt4lessIS6_EE4NodeESaISA_ELN9__gnu_cxx12_Lock_policyE2EE10_M_disposeEv
FNDA:10,_ZNSt23_Sp_counted_ptr_inplaceIN4TreeINSt7__cxx1112basic_stringIcSt11char_traitsIcESaIcEEESt4lessIS6_EE4NodeESaISA_ELN9__gnu_cxx12_Lock_policyE2EE10_M_disposeEv
FN:555,_ZNSt23_Sp_counted_ptr_inplaceIN4TreeIN14internal_tests10StrangeIntESt4lessIS2_EE4NodeESaIS6_ELN9__gnu_cxx12_Lock_policyE2EE10_M_disposeEv
FNDA:44,_ZNSt23_Sp_counted_ptr_inplaceIN4TreeIN14internal_tests10StrangeIntESt4lessIS2_EE4NodeESaIS6_ELN9__gnu_cxx12_Lock_policyE2EE10_M_disposeEv
FN:555,_ZNSt23_Sp_counted_ptr_inplaceIN4TreeISt4pairIiiESt4lessIS2_EE4NodeESaIS6_ELN9__gnu_cxx12_Lock_policyE2EE10_M_disposeEv
FNDA:7,_ZNSt23_Sp_counted_ptr_inplaceIN4TreeISt4pairIiiESt4lessIS2_EE4NodeESaIS6_ELN9__gnu_cxx12_Lock_policyE2EE10_M_disposeEv
FN:555,_ZNSt23_Sp_counted_ptr_inplaceIN4TreeIiSt4lessIiEE4NodeESaIS4_ELN9__gnu_cxx12_Lock_policyE2EE10_M_disposeEv
FNDA:65,_ZNSt23_Sp_counted_ptr_inplaceIN4TreeIiSt4lessIiEE4NodeESaIS4_ELN9__gnu_cxx12_Lock_policyE2EE10_M_disposeEv
FN:562,_ZNSt23_Sp_counted_ptr_inplaceIN4TreeINSt7__cxx1112basic_stringIcSt11char_traitsIcESaIcEEESt4lessIS6_EE4NodeESaISA_ELN9__gnu_cxx12_Lock_policyE2EE10_M_destroyEv
FNDA:10,_ZNSt23_Sp_counted_ptr_inplaceIN4TreeINSt7__cxx1112basic_stringIcSt11char_traitsIcESaIcEEESt4lessIS6_EE4NodeESaISA_ELN9__gnu_cxx12_Lock_policyE2EE10_M_destroyEv
FN:562,_ZNSt23_Sp_counted_ptr_inplaceIN4TreeISt4pairIiiESt4lessIS2_EE4NodeESaIS6_ELN9__gnu_cxx12_Lock_policyE2EE10_M_destroyEv
FNDA:7,_ZNSt23_Sp_counted_ptr_inplaceIN4TreeISt4pairIiiESt4lessIS2_EE4NodeESaIS6_ELN9__gnu_cxx12_Lock_policyE2EE10_M_destroyEv
FN:562,_ZNSt23_Sp_counted_ptr_inplaceIN4TreeIN14internal_tests10StrangeIntESt4lessIS2_EE4NodeESaIS6_ELN9__gnu_cxx12_Lock_policyE2EE10_M_destroyEv
FNDA:44,_ZNSt23_Sp_counted_ptr_inplaceIN4TreeIN14internal_tests10StrangeIntESt4lessIS2_EE4NodeESaIS6_ELN9__gnu_cxx12_Lock_policyE2EE10_M_destroyEv
FN:562,_ZNSt23_Sp_counted_ptr_inplaceIN4TreeIiSt4lessIiEE4NodeESaIS4_ELN9__gnu_cxx12_Lock_policyE2EE10_M_destroyEv
FNDA:65,_ZNSt23_Sp_counted_ptr_inplaceIN4TreeIiSt4lessIiEE4NodeESaIS4_ELN9__gnu_cxx12_Lock_policyE2EE10_M_destroyEv
FN:575,_ZNSt23_Sp_counted_ptr_inplaceIN4TreeINSt7__cxx1112basic_stringIcSt11char_traitsIcESaIcEEESt4lessIS6_EE4NodeESaISA_ELN9__gnu_cxx12_Lock_policyE2EE14_M_get_deleterERKSt9type_info
FNDA:0,_ZNSt23_Sp_counted_ptr_inplaceIN4TreeINSt7__cxx1112basic_stringIcSt11char_traitsIcESaIcEEESt4lessIS6_EE4NodeESaISA_ELN9__gnu_cxx12_Lock_policyE2EE14_M_get_deleterERKSt9type_info
FN:575,_ZNSt23_Sp_counted_ptr_inplaceIN4TreeIiSt4lessIiEE4NodeESaIS4_ELN9__gnu_cxx12_Lock_policyE2EE14_M_get_deleterERKSt9type_info
FNDA:0,_ZNSt23_Sp_counted_ptr_inplaceIN4TreeIiSt4lessIiEE4NodeESaIS4_ELN9__gnu_cxx12_Lock_policyE2EE14_M_get_deleterERKSt9type_info
FN:575,_ZNSt23_Sp_counted_ptr_inplaceIN4TreeIN14internal_tests10StrangeIntESt4lessIS2_EE4NodeESaIS6_ELN9__gnu_cxx12_Lock_policyE2EE14_M_get_deleterERKSt9type_info
FNDA:0,_ZNSt23_Sp_counted_ptr_inplaceIN4TreeIN14internal_tests10StrangeIntESt4lessIS2_EE4NodeESaIS6_ELN9__gnu_cxx12_Lock_policyE2EE14_M_get_deleterERKSt9type_info
FN:575,_ZNSt23_Sp_counted_ptr_inplaceIN4TreeISt4pairIiiESt4lessIS2_EE4NodeESaIS6_ELN9__gnu_cxx12_Lock_policyE2EE14_M_get_deleterERKSt9type_info
FNDA:0,_ZNSt23_Sp_counted_ptr_inplaceIN4TreeISt4pairIiiESt4lessIS2_EE4NodeESaIS6_ELN9__gnu_cxx12_Lock_policyE2EE14_M_get_deleterERKSt9type_info
FN:594,_ZNSt23_Sp_counted_ptr_inplaceIN4TreeIN14internal_tests10StrangeIntESt4lessIS2_EE4NodeESaIS6_ELN9__gnu_cxx12_Lock_policyE2EE6_M_ptrEv
FNDA:132,_ZNSt23_Sp_counted_ptr_inplaceIN4TreeIN14internal_tests10StrangeIntESt4lessIS2_EE4NodeESaIS6_ELN9__gnu_cxx12_Lock_policyE2EE6_M_ptrEv
FN:594,_ZNSt23_Sp_counted_ptr_inplaceIN4TreeIiSt4lessIiEE4NodeESaIS4_ELN9__gnu_cxx12_Lock_policyE2EE6_M_ptrEv
FNDA:195,_ZNSt23_Sp_counted_ptr_inplaceIN4TreeIiSt4lessIiEE4NodeESaIS4_ELN9__gnu_cxx12_Lock_policyE2EE6_M_ptrEv
FN:594,_ZNSt23_Sp_counted_ptr_inplaceIN4TreeISt4pairIiiESt4lessIS2_EE4NodeESaIS6_ELN9__gnu_cxx12_Lock_policyE2EE6_M_ptrEv
FNDA:21,_ZNSt23_Sp_counted_ptr_inplaceIN4TreeISt4pairIiiESt4lessIS2_EE4NodeESaIS6_ELN9__gnu_cxx12_Lock_policyE2EE6_M_ptrEv
FN:594,_ZNSt23_Sp_counted_ptr_inplaceIN4TreeINSt7__cxx1112basic_stringIcSt11char_traitsIcESaIcEEESt4lessIS6_EE4NodeESaISA_ELN9__gnu_cxx12_Lock_policyE2EE6_M_ptrEv
FNDA:30,_ZNSt23_Sp_counted_ptr_inplaceIN4TreeINSt7__cxx1112basic_stringIcSt11char_traitsIcESaIcEEESt4lessIS6_EE4NodeESaISA_ELN9__gnu_cxx12_Lock_policyE2EE6_M_ptrEv
FN:616,_ZNSt14__shared_countILN9__gnu_cxx12_Lock_policyE2EEC1Ev
FNDA:1005,_ZNSt14__shared_countILN9__gnu_cxx12_Lock_policyE2EEC1Ev
FN:672,_ZNSt14__shared_countILN9__gnu_cxx12_Lock_policyE2EEC2IN4TreeIiSt4lessIiEE4NodeESaIS8_EJEEERPT_St20_Sp_alloc_shared_tagIT0_EDpOT1_
FNDA:3,_ZNSt14__shared_countILN9__gnu_cxx12_Lock_policyE2EEC2IN4TreeIiSt4lessIiEE4NodeESaIS8_EJEEERPT_St20_Sp_alloc_shared_tagIT0_EDpOT1_
FN:672,_ZNSt14__shared_countILN9__gnu_cxx12_Lock_policyE2EEC2IN4TreeIiSt4lessIiEE4NodeESaIS8_EJSt10shared_ptrIS8_EEEERPT_St20_Sp_alloc_shared_tagIT0_EDpOT1_
FNDA:1,_ZNSt14__shared_countILN9__gnu_cxx12_Lock_policyE2EEC2IN4TreeIiSt4lessIiEE4NodeESaIS8_EJSt10shared_ptrIS8_EEEERPT_St20_Sp_alloc_shared_tagIT0_EDpOT1_
FN:672,_ZNSt14__shared_countILN9__gnu_cxx12_Lock_policyE2EEC2IN4TreeINSt7__cxx1112basic_stringIcSt11char_traitsIcESaIcEEESt4lessISA_EE4NodeESaISE_EJEEERPT_St20_Sp_alloc_shared_tagIT0_EDpOT1_
FNDA:4,_ZNSt14__shared_countILN9__gnu_cxx12_Lock_policyE2EEC2IN4TreeINSt7__cxx1112basic_stringIcSt11char_traitsIcESaIcEEESt4lessISA_EE4NodeESaISE_EJEEERPT_St20_Sp_alloc_shared_tagIT0_EDpOT1_
FN:672,_ZNSt14__shared_countILN9__gnu_cxx12_Lock_policyE2EEC2IN4TreeINSt7__cxx1112basic_stringIcSt11char_traitsIcESaIcEEESt4lessISA_EE4NodeESaISE_EJSt10shared_ptrISE_EEEERPT_St20_Sp_alloc_shared_tagIT0_EDpOT1_
FNDA:1,_ZNSt14__shared_countILN9__gnu_cxx12_Lock_policyE2EEC2IN4TreeINSt7__cxx1112basic_stringIcSt11char_traitsIcESaIcEEESt4lessISA_EE4NodeESaISE_EJSt10shared_ptrISE_EEEERPT_St20_Sp_alloc_shared_tagIT0_EDpOT1_
FN:672,_ZNSt14__shared_countILN9__gnu_cxx12_Lock_policyE2EEC2IN4TreeISt4pairIiiESt4lessIS6_EE4NodeESaISA_EJEEERPT_St20_Sp_alloc_shared_tagIT0_EDpOT1_
FNDA:1,_ZNSt14__shared_countILN9__gnu_cxx12_Lock_policyE2EEC2IN4TreeISt4pairIiiESt4lessIS6_EE4NodeESaISA_EJEEERPT_St20_Sp_alloc_shared_tagIT0_EDpOT1_
FN:672,_ZNSt14__shared_countILN9__gnu_cxx12_Lock_policyE2EEC2IN4TreeIN14internal_tests10StrangeIntESt4lessIS6_EE4NodeESaISA_EJEEERPT_St20_Sp_alloc_shared_tagIT0_EDpOT1_
FNDA:3,_ZNSt14__shared_countILN9__gnu_cxx12_Lock_policyE2EEC2IN4TreeIN14internal_tests10StrangeIntESt4lessIS6_EE4NodeESaISA_EJEEERPT_St20_Sp_alloc_shared_tagIT0_EDpOT1_
FN:672,_ZNSt14__shared_countILN9__gnu_cxx12_Lock_policyE2EEC2IN4TreeIN14internal_tests10StrangeIntESt4lessIS6_EE4NodeESaISA_EJSt10shared_ptrISA_EEEERPT_St20_Sp_alloc_shared_tagIT0_EDpOT1_
FNDA:2,_ZNSt14__shared_countILN9__gnu_cxx12_Lock_policyE2EEC2IN4TreeIN14internal_tests10StrangeIntESt4lessIS6_EE4NodeESaISA_EJSt10shared_ptrISA_EEEERPT_St20_Sp_alloc_shared_tagIT0_EDpOT1_
FN:672,_ZNSt14__shared_countILN9__gnu_cxx12_Lock_policyE2EEC2IN4TreeISt4pairIiiESt4lessIS6_EE4NodeESaISA_EJRKS6_EEERPT_St20_Sp_alloc_shared_tagIT0_EDpOT1_
FNDA:6,_ZNSt14__shared_countILN9__gnu_cxx12_Lock_policyE2EEC2IN4TreeISt4pairIiiESt4lessIS6_EE4NodeESaISA_EJRKS6_EEERPT_St20_Sp_alloc_shared_tagIT0_EDpOT1_
FN:672,_ZNSt14__shared_countILN9__gnu_cxx12_Lock_policyE2EEC2IN4TreeINSt7__cxx1112basic_stringIcSt11char_traitsIcESaIcEEESt4lessISA_EE4NodeESaISE_EJRSA_RSt10shared_ptrISE_ERmEEERPT_St20_Sp_alloc_shared_tagIT0_EDpOT1_
FNDA:0,_ZNSt14__shared_countILN9__gnu_cxx12_Lock_policyE2EEC2IN4TreeINSt7__cxx1112basic_stringIcSt11char_traitsIcESaIcEEESt4lessISA_EE4NodeESaISE_EJRSA_RSt10shared_ptrISE_ERmEEERPT_St20_Sp_alloc_shared_tagIT0_EDpOT1_
FN:672,_ZNSt14__shared_countILN9__gnu_cxx12_Lock_policyE2EEC2IN4TreeIiSt4lessIiEE4NodeESaIS8_EJRKiEEERPT_St20_Sp_alloc_shared_tagIT0_EDpOT1_
FNDA:18,_ZNSt14__shared_countILN9__gnu_cxx12_Lock_policyE2EEC2IN4TreeIiSt4lessIiEE4NodeESaIS8_EJRKiEEERPT_St20_Sp_alloc_shared_tagIT0_EDpOT1_
FN:672,_ZNSt14__shared_countILN9__gnu_cxx12_Lock_policyE2EEC2IN4TreeIiSt4lessIiEE4NodeESaIS8_EJRiRSt10shared_ptrIS8_ERmEEERPT_St20_Sp_alloc_shared_tagIT0_EDpOT1_
FNDA:43,_ZNSt14__shared_countILN9__gnu_cxx12_Lock_policyE2EEC2IN4TreeIiSt4lessIiEE4NodeESaIS8_EJRiRSt10shared_ptrIS8_ERmEEERPT_St20_Sp_alloc_shared_tagIT0_EDpOT1_
FN:672,_ZNSt14__shared_countILN9__gnu_cxx12_Lock_policyE2EEC2IN4TreeIN14internal_tests10StrangeIntESt4lessIS6_EE4NodeESaISA_EJRS6_RSt10shared_ptrISA_ERmEEERPT_St20_Sp_alloc_shared_tagIT0_EDpOT1_
[...]
FN:95,_ZSt18__allocate_guardedISaISt23_Sp_counted_ptr_inplaceIN4TreeIiSt4lessIiEE4NodeESaIS5_ELN9__gnu_cxx12_Lock_policyE2EEEESt15__allocated_ptrIT_ERSC_
FNDA:1,_ZSt18__allocate_guardedISaISt23_Sp_counted_ptr_inplaceIN4TreeIiSt4lessIiEE4NodeESaIS5_ELN9__gnu_cxx12_Lock_policyE2EEEESt15__allocated_ptrIT_ERSC_
DA:52,2
DA:53,2
DA:54,2
DA:70,2
DA:72,2
DA:73,1
DA:74,2
DA:78,1
DA:80,1
DA:81,1
DA:85,1
DA:95,1
DA:97,1
end_of_record
SF:/usr/include/c++/9/bits/shared_ptr_base.h
FN:117,_ZNSt16_Sp_counted_baseILN9__gnu_cxx12_Lock_policyE2EEC2Ev
FNDA:1,_ZNSt16_Sp_counted_baseILN9__gnu_cxx12_Lock_policyE2EEC2Ev
FN:121,_ZNSt16_Sp_counted_baseILN9__gnu_cxx12_Lock_policyE2EED2Ev
FNDA:1,_ZNSt16_Sp_counted_baseILN9__gnu_cxx12_Lock_policyE2EED2Ev
FN:121,_ZNSt16_Sp_counted_baseILN9__gnu_cxx12_Lock_policyE2EED0Ev
FNDA:0,_ZNSt16_Sp_counted_baseILN9__gnu_cxx12_Lock_policyE2EED0Ev
FN:131,_ZNSt16_Sp_counted_baseILN9__gnu_cxx12_Lock_policyE2EE10_M_destroyEv
FNDA:0,_ZNSt16_Sp_counted_baseILN9__gnu_cxx12_Lock_policyE2EE10_M_destroyEv
FN:138,_ZNSt16_Sp_counted_baseILN9__gnu_cxx12_Lock_policyE2EE15_M_add_ref_copyEv
FNDA:4,_ZNSt16_Sp_counted_baseILN9__gnu_cxx12_Lock_policyE2EE15_M_add_ref_copyEv
FN:148,_ZNSt16_Sp_counted_baseILN9__gnu_cxx12_Lock_policyE2EE10_M_releaseEv
FNDA:5,_ZNSt16_Sp_counted_baseILN9__gnu_cxx12_Lock_policyE2EE10_M_releaseEv
FN:177,_ZNSt16_Sp_counted_baseILN9__gnu_cxx12_Lock_policyE2EE15_M_weak_add_refEv
FNDA:0,_ZNSt16_Sp_counted_baseILN9__gnu_cxx12_Lock_policyE2EE15_M_weak_add_refEv
FN:181,_ZNSt16_Sp_counted_baseILN9__gnu_cxx12_Lock_policyE2EE15_M_weak_releaseEv
FNDA:0,_ZNSt16_Sp_counted_baseILN9__gnu_cxx12_Lock_policyE2EE15_M_weak_releaseEv
FN:414,_ZNSt14_Sp_ebo_helperILi0ESaIN4TreeIiSt4lessIiEE4NodeEELb1EEC2ERKS5_
FNDA:1,_ZNSt14_Sp_ebo_helperILi0ESaIN4TreeIiSt4lessIiEE4NodeEELb1EEC2ERKS5_
FN:418,_ZNSt14_Sp_ebo_helperILi0ESaIN4TreeIiSt4lessIiEE4NodeEELb1EE6_S_getERS6_
FNDA:2,_ZNSt14_Sp_ebo_helperILi0ESaIN4TreeIiSt4lessIiEE4NodeEELb1EE6_S_getERS6_
FN:508,_ZNSt19_Sp_make_shared_tag5_S_tiEv
FNDA:0,_ZNSt19_Sp_make_shared_tag5_S_tiEv
FN:531,_ZNSt23_Sp_counted_ptr_inplaceIN4TreeIiSt4lessIiEE4NodeESaIS4_ELN9__gnu_cxx12_Lock_policyE2EE5_ImplC2ES5_
FNDA:1,_ZNSt23_Sp_counted_ptr_inplaceIN4TreeIiSt4lessIiEE4NodeESaIS4_ELN9__gnu_cxx12_Lock_policyE2EE5_ImplC2ES5_
FN:533,_ZNSt23_Sp_counted_ptr_inplaceIN4TreeIiSt4lessIiEE4NodeESaIS4_ELN9__gnu_cxx12_Lock_policyE2EE5_Impl8_M_allocEv
FNDA:2,_ZNSt23_Sp_counted_ptr_inplaceIN4TreeIiSt4lessIiEE4NodeESaIS4_ELN9__gnu_cxx12_Lock_policyE2EE5_Impl8_M_allocEv
FN:543,_ZNSt23_Sp_counted_ptr_inplaceIN4TreeIiSt4lessIiEE4NodeESaIS4_ELN9__gnu_cxx12_Lock_policyE2EEC2IJRKiEEES5_DpOT_
FNDA:1,_ZNSt23_Sp_counted_ptr_inplaceIN4TreeIiSt4lessIiEE4NodeESaIS4_ELN9__gnu_cxx12_Lock_policyE2EEC2IJRKiEEES5_DpOT_
FN:552,_ZNSt23_Sp_counted_ptr_inplaceIN4TreeIiSt4lessIiEE4NodeESaIS4_ELN9__gnu_cxx12_Lock_policyE2EED0Ev
FNDA:0,_ZNSt23_Sp_counted_ptr_inplaceIN4TreeIiSt4lessIiEE4NodeESaIS4_ELN9__gnu_cxx12_Lock_policyE2EED0Ev
FN:552,_ZNSt23_Sp_counted_ptr_inplaceIN4TreeIiSt4lessIiEE4NodeESaIS4_ELN9__gnu_cxx12_Lock_policyE2EED2Ev
FNDA:1,_ZNSt23_Sp_counted_ptr_inplaceIN4TreeIiSt4lessIiEE4NodeESaIS4_ELN9__gnu_cxx12_Lock_policyE2EED2Ev
FN:555,_ZNSt23_Sp_counted_ptr_inplaceIN4TreeIiSt4lessIiEE4NodeESaIS4_ELN9__gnu_cxx12_Lock_policyE2EE10_M_disposeEv
FNDA:1,_ZNSt23_Sp_counted_ptr_inplaceIN4TreeIiSt4lessIiEE4NodeESaIS4_ELN9__gnu_cxx12_Lock_policyE2EE10_M_disposeEv
FN:562,_ZNSt23_Sp_counted_ptr_inplaceIN4TreeIiSt4lessIiEE4NodeESaIS4_ELN9__gnu_cxx12_Lock_policyE2EE10_M_destroyEv
FNDA:1,_ZNSt23_Sp_counted_ptr_inplaceIN4TreeIiSt4lessIiEE4NodeESaIS4_ELN9__gnu_cxx12_Lock_policyE2EE10_M_destroyEv
FN:575,_ZNSt23_Sp_counted_ptr_inplaceIN4TreeIiSt4lessIiEE4NodeESaIS4_ELN9__gnu_cxx12_Lock_policyE2EE14_M_get_deleterERKSt9type_info
FNDA:0,_ZNSt23_Sp_counted_ptr_inplaceIN4TreeIiSt4lessIiEE4NodeESaIS4_ELN9__gnu_cxx12_Lock_policyE2EE14_M_get_deleterERKSt9type_info
FN:594,_ZNSt23_Sp_counted_ptr_inplaceIN4TreeIiSt4lessIiEE4NodeESaIS4_ELN9__gnu_cxx12_Lock_policyE2EE6_M_ptrEv
FNDA:3,_ZNSt23_Sp_counted_ptr_inplaceIN4TreeIiSt4lessIiEE4NodeESaIS4_ELN9__gnu_cxx12_Lock_policyE2EE6_M_ptrEv
FN:616,_ZNSt14__shared_countILN9__gnu_cxx12_Lock_policyE2EEC2Ev
FNDA:7,_ZNSt14__shared_countILN9__gnu_cxx12_Lock_policyE2EEC2Ev
FN:672,_ZNSt14__shared_countILN9__gnu_cxx12_Lock_policyE2EEC2IN4TreeIiSt4lessIiEE4NodeESaIS8_EJRKiEEERPT_St20_Sp_alloc_shared_tagIT0_EDpOT1_
FNDA:1,_ZNSt14__shared_countILN9__gnu_cxx12_Lock_policyE2EEC2IN4TreeIiSt4lessIiEE4NodeESaIS8_EJRKiEEERPT_St20_Sp_alloc_shared_tagIT0_EDpOT1_
FN:727,_ZNSt14__shared_countILN9__gnu_cxx12_Lock_policyE2EED2Ev
FNDA:10,_ZNSt14__shared_countILN9__gnu_cxx12_Lock_policyE2EED2Ev
FN:733,_ZNSt14__shared_countILN9__gnu_cxx12_Lock_policyE2EEC2ERKS2_
FNDA:2,_ZNSt14__shared_countILN9__gnu_cxx12_Lock_policyE2EEC2ERKS2_
FN:741,_ZNSt14__shared_countILN9__gnu_cxx12_Lock_policyE2EEaSERKS2_
FNDA:2,_ZNSt14__shared_countILN9__gnu_cxx12_Lock_policyE2EEaSERKS2_
FN:756,_ZNSt14__shared_countILN9__gnu_cxx12_Lock_policyE2EE7_M_swapERS2_
FNDA:4,_ZNSt14__shared_countILN9__gnu_cxx12_Lock_policyE2EE7_M_swapERS2_
FN:799,_ZNSt12__weak_countILN9__gnu_cxx12_Lock_policyE2EEC2Ev
FNDA:1,_ZNSt12__weak_countILN9__gnu_cxx12_Lock_policyE2EEC2Ev
FN:809,_ZNSt12__weak_countILN9__gnu_cxx12_Lock_policyE2EEC2ERKS2_
FNDA:1,_ZNSt12__weak_countILN9__gnu_cxx12_Lock_policyE2EEC2ERKS2_
FN:820,_ZNSt12__weak_countILN9__gnu_cxx12_Lock_policyE2EED2Ev
FNDA:2,_ZNSt12__weak_countILN9__gnu_cxx12_Lock_policyE2EED2Ev
FN:827,_ZNSt12__weak_countILN9__gnu_cxx12_Lock_policyE2EEaSERKSt14__shared_countILS1_2EE
FNDA:0,_ZNSt12__weak_countILN9__gnu_cxx12_Lock_policyE2EEaSERKSt14__shared_countILS1_2EE
FN:839,_ZNSt12__weak_countILN9__gnu_cxx12_Lock_policyE2EEaSERKS2_
FNDA:0,_ZNSt12__weak_countILN9__gnu_cxx12_Lock_policyE2EEaSERKS2_
FN:1012,_ZNKSt19__shared_ptr_accessIN4TreeIiSt4lessIiEE4NodeELN9__gnu_cxx12_Lock_policyE2ELb0ELb0EEptEv
FNDA:0,_ZNKSt19__shared_ptr_accessIN4TreeIiSt4lessIiEE4NodeELN9__gnu_cxx12_Lock_policyE2ELb0ELb0EEptEv
FN:1020,_ZNKSt19__shared_ptr_accessIN4TreeIiSt4lessIiEE4NodeELN9__gnu_cxx12_Lock_policyE2ELb0ELb0EE6_M_getEv
FNDA:0,_ZNKSt19__shared_ptr_accessIN4TreeIiSt4lessIiEE4NodeELN9__gnu_cxx12_Lock_policyE2ELb0ELb0EE6_M_getEv
FN:1080,_ZNSt12__shared_ptrIN4TreeIiSt4lessIiEE4NodeELN9__gnu_cxx12_Lock_policyE2EEaSERKS7_
FNDA:2,_ZNSt12__shared_ptrIN4TreeIiSt4lessIiEE4NodeELN9__gnu_cxx12_Lock_policyE2EEaSERKS7_
FN:1118,_ZNSt12__shared_ptrIN4TreeIiSt4lessIiEE4NodeELN9__gnu_cxx12_Lock_policyE2EEC2Ev
FNDA:5,_ZNSt12__shared_ptrIN4TreeIiSt4lessIiEE4NodeELN9__gnu_cxx12_Lock_policyE2EEC2Ev
FN:1167,_ZNSt12__shared_ptrIN4TreeIiSt4lessIiEE4NodeELN9__gnu_cxx12_Lock_policyE2EEC2ERKS7_
FNDA:2,_ZNSt12__shared_ptrIN4TreeIiSt4lessIiEE4NodeELN9__gnu_cxx12_Lock_policyE2EEC2ERKS7_
FN:1169,_ZNSt12__shared_ptrIN4TreeIiSt4lessIiEE4NodeELN9__gnu_cxx12_Lock_policyE2EED2Ev
FNDA:10,_ZNSt12__shared_ptrIN4TreeIiSt4lessIiEE4NodeELN9__gnu_cxx12_Lock_policyE2EED2Ev
FN:1176,_ZNSt12__shared_ptrIN4TreeIiSt4lessIiEE4NodeELN9__gnu_cxx12_Lock_policyE2EEC2EOS7_
FNDA:2,_ZNSt12__shared_ptrIN4TreeIiSt4lessIiEE4NodeELN9__gnu_cxx12_Lock_policyE2EEC2EOS7_
FN:1263,_ZNSt12__shared_ptrIN4TreeIiSt4lessIiEE4NodeELN9__gnu_cxx12_Lock_policyE2EEaSEOS7_
FNDA:2,_ZNSt12__shared_ptrIN4TreeIiSt4lessIiEE4NodeELN9__gnu_cxx12_Lock_policyE2EEaSEOS7_
FN:1309,_ZNKSt12__shared_ptrIN4TreeIiSt4lessIiEE4NodeELN9__gnu_cxx12_Lock_policyE2EE3getEv
FNDA:0,_ZNKSt12__shared_ptrIN4TreeIiSt4lessIiEE4NodeELN9__gnu_cxx12_Lock_policyE2EE3getEv
FN:1312,_ZNKSt12__shared_ptrIN4TreeIiSt4lessIiEE4NodeELN9__gnu_cxx12_Lock_policyE2EEcvbEv
FNDA:3,_ZNKSt12__shared_ptrIN4TreeIiSt4lessIiEE4NodeELN9__gnu_cxx12_Lock_policyE2EEcvbEv
FN:1324,_ZNSt12__shared_ptrIN4TreeIiSt4lessIiEE4NodeELN9__gnu_cxx12_Lock_policyE2EE4swapERS7_
FNDA:2,_ZNSt12__shared_ptrIN4TreeIiSt4lessIiEE4NodeELN9__gnu_cxx12_Lock_policyE2EE4swapERS7_
FN:1343,_ZNSt12__shared_ptrIN4TreeIiSt4lessIiEE4NodeELN9__gnu_cxx12_Lock_policyE2EEC2ISaIS4_EJRKiEEESt20_Sp_alloc_shared_tagIT_EDpOT0_
FNDA:1,_ZNSt12__shared_ptrIN4TreeIiSt4lessIiEE4NodeELN9__gnu_cxx12_Lock_policyE2EEC2ISaIS4_EJRKiEEESt20_Sp_alloc_shared_tagIT_EDpOT0_
FN:1388,_ZNSt12__shared_ptrIN4TreeIiSt4lessIiEE4NodeELN9__gnu_cxx12_Lock_policyE2EE31_M_enable_shared_from_this_withIS4_S4_EENSt9enable_ifIXntsrNS7_15__has_esft_baseIT0_vEE5valueEvE4typeEPT_
FNDA:1,_ZNSt12__shared_ptrIN4TreeIiSt4lessIiEE4NodeELN9__gnu_cxx12_Lock_policyE2EE31_M_enable_shared_from_this_withIS4_S4_EENSt9enable_ifIXntsrNS7_15__has_esft_baseIT0_vEE5valueEvE4typeEPT_
FN:1577,_ZNSt10__weak_ptrIN4TreeIiSt4lessIiEE4NodeELN9__gnu_cxx12_Lock_policyE2EEaSERKS7_
FNDA:0,_ZNSt10__weak_ptrIN4TreeIiSt4lessIiEE4NodeELN9__gnu_cxx12_Lock_policyE2EEaSERKS7_
FN:1590,_ZNSt10__weak_ptrIN4TreeIiSt4lessIiEE4NodeELN9__gnu_cxx12_Lock_policyE2EEC2Ev
FNDA:1,_ZNSt10__weak_ptrIN4TreeIiSt4lessIiEE4NodeELN9__gnu_cxx12_Lock_policyE2EEC2Ev
FN:1594,_ZNSt10__weak_ptrIN4TreeIiSt4lessIiEE4NodeELN9__gnu_cxx12_Lock_policyE2EEC2ERKS7_
FNDA:1,_ZNSt10__weak_ptrIN4TreeIiSt4lessIiEE4NodeELN9__gnu_cxx12_Lock_policyE2EEC2ERKS7_
FN:1596,_ZNSt10__weak_ptrIN4TreeIiSt4lessIiEE4NodeELN9__gnu_cxx12_Lock_policyE2EED2Ev
FNDA:2,_ZNSt10__weak_ptrIN4TreeIiSt4lessIiEE4NodeELN9__gnu_cxx12_Lock_policyE2EED2Ev
FN:1645,_ZNSt10__weak_ptrIN4TreeIiSt4lessIiEE4NodeELN9__gnu_cxx12_Lock_policyE2EEaSIS4_EENSt9enable_ifIXsrSt20__sp_compatible_withIPT_PS4_E5valueERS7_E4typeERKSt12__shared_ptrISB_LS6_2EE
FNDA:0,_ZNSt10__weak_ptrIN4TreeIiSt4lessIiEE4NodeELN9__gnu_cxx12_Lock_policyE2EEaSIS4_EENSt9enable_ifIXsrSt20__sp_compatible_withIPT_PS4_E5valueERS7_E4typeERKSt12__shared_ptrISB_LS6_2EE
DA:117,1
DA:118,1
DA:121,0
DA:122,0
DA:121,1
DA:122,1
DA:131,0
DA:132,0
DA:138,4
DA:139,4
DA:148,5
DA:152,5
DA:155,1
DA:167,1
DA:168,1
DA:171,1
DA:174,5
DA:177,0
DA:178,0
DA:181,0
DA:185,0
DA:194,0
DA:196,0
DA:414,1
DA:418,2
DA:508,0
DA:511,0
DA:531,1
DA:533,2
DA:543,1
DA:544,1
DA:548,1
DA:550,1
DA:552,0
DA:552,1
DA:555,1
DA:557,1
DA:558,1
DA:562,1
DA:564,2
DA:565,2
DA:566,1
DA:567,1
DA:575,0
DA:577,0
DA:582,0
DA:583,0
DA:585,0
DA:590,0
DA:591,0
DA:594,3
DA:616,7
DA:617,7
DA:672,1
DA:676,2
DA:677,1
DA:678,1
DA:679,2
DA:680,1
DA:681,1
DA:682,1
DA:683,1
DA:684,1
DA:727,10
DA:729,10
DA:730,5
DA:731,10
DA:733,2
DA:734,2
DA:736,2
DA:737,2
DA:738,2
DA:741,2
DA:743,2
DA:744,2
DA:746,2
DA:747,2
DA:748,2
DA:749,0
DA:750,2
DA:752,2
DA:756,4
DA:758,4
DA:759,4
DA:760,4
DA:761,4
DA:799,1
DA:800,1
DA:809,1
DA:810,1
DA:812,1
DA:813,0
DA:814,1
DA:820,2
DA:822,2
DA:823,0
DA:824,2
DA:827,0
DA:829,0
DA:830,0
DA:831,0
DA:832,0
DA:833,0
DA:834,0
DA:835,0
DA:839,0
DA:841,0
DA:842,0
DA:843,0
DA:844,0
DA:845,0
DA:846,0
DA:847,0
DA:1012,0
DA:1015,0
DA:1020,0
DA:1021,0
DA:1080,2
DA:1118,5
DA:1119,5
DA:1120,5
DA:1167,2
DA:1169,10
DA:1176,2
DA:1177,2
DA:1179,2
DA:1180,2
DA:1181,2
DA:1263,2
DA:1265,2
DA:1266,2
DA:1309,0
DA:1310,0
DA:1312,3
DA:1313,3
DA:1324,2
DA:1326,2
DA:1327,2
DA:1328,2
DA:1343,1
DA:1344,1
DA:1345,1
DA:1388,1
DA:1389,1
DA:1577,0
DA:1590,1
DA:1591,1
DA:1592,1
DA:1594,1
DA:1596,2
DA:1645,0
DA:1647,0
DA:1648,0
DA:1649,0
end_of_record
SF:/usr/include/c++/9/bits/ptr_traits.h
FN:156,_ZSt12__to_addressISt23_Sp_counted_ptr_inplaceIN4TreeIiSt4lessIiEE4NodeESaIS5_ELN9__gnu_cxx12_Lock_policyE2EEEPT_SB_
FNDA:1,_ZSt12__to_addressISt23_Sp_counted_ptr_inplaceIN4TreeIiSt4lessIiEE4NodeESaIS5_ELN9__gnu_cxx12_Lock_policyE2EEEPT_SB_
DA:156,1
DA:159,1
end_of_record
SF:/usr/include/c++/9/bits/stl_iterator_base_types.h
FN:205,_ZSt19__iterator_categoryIPcENSt15iterator_traitsIT_E17iterator_categoryERKS2_
FNDA:0,_ZSt19__iterator_categoryIPcENSt15iterator_traitsIT_E17iterator_categoryERKS2_
FN:205,_ZSt19__iterator_categoryIPKcENSt15iterator_traitsIT_E17iterator_categoryERKS3_
FNDA:0,_ZSt19__iterator_categoryIPKcENSt15iterator_traitsIT_E17iterator_categoryERKS3_
DA:205,0
DA:206,0
DA:205,0
DA:206,0
end_of_record
SF:/usr/include/gtest/gtest.h
FN:417,_ZN7testing4Test14SetUpTestSuiteEv
FNDA:0,_ZN7testing4Test14SetUpTestSuiteEv
FN:427,_ZN7testing4Test17TearDownTestSuiteEv
FNDA:0,_ZN7testing4Test17TearDownTestSuiteEv
FN:431,_ZN7testing4Test16TearDownTestCaseEv
FNDA:0,_ZN7testing4Test16TearDownTestCaseEv
FN:432,_ZN7testing4Test13SetUpTestCaseEv
FNDA:0,_ZN7testing4Test13SetUpTestCaseEv
FN:513,_ZN7testing4Test5SetupEv
FNDA:0,_ZN7testing4Test5SetupEv
DA:417,0
DA:427,0
DA:431,0
DA:432,0
DA:513,0
end_of_record
SF:/usr/include/c++/9/bits/allocator.h
FN:137,_ZNSaIN4TreeIiSt4lessIiEE4NodeEEC2Ev
FNDA:1,_ZNSaIN4TreeIiSt4lessIiEE4NodeEEC2Ev
FN:140,_ZNSaIN4TreeIiSt4lessIiEE4NodeEEC2ERKS4_
FNDA:3,_ZNSaIN4TreeIiSt4lessIiEE4NodeEEC2ERKS4_
FN:150,_ZNSaISt23_Sp_counted_ptr_inplaceIN4TreeIiSt4lessIiEE4NodeESaIS4_ELN9__gnu_cxx12_Lock_policyE2EEEC2IS4_EERKSaIT_E
FNDA:2,_ZNSaISt23_Sp_counted_ptr_inplaceIN4TreeIiSt4lessIiEE4NodeESaIS4_ELN9__gnu_cxx12_Lock_policyE2EEEC2IS4_EERKSaIT_E
FN:152,_ZNSaISt23_Sp_counted_ptr_inplaceIN4TreeIiSt4lessIiEE4NodeESaIS4_ELN9__gnu_cxx12_Lock_policyE2EEED2Ev
FNDA:2,_ZNSaISt23_Sp_counted_ptr_inplaceIN4TreeIiSt4lessIiEE4NodeESaIS4_ELN9__gnu_cxx12_Lock_policyE2EEED2Ev
FN:152,_ZNSaIN4TreeIiSt4lessIiEE4NodeEED2Ev
FNDA:4,_ZNSaIN4TreeIiSt4lessIiEE4NodeEED2Ev
DA:137,1
DA:140,3
DA:141,3
DA:150,2
DA:152,2
DA:152,4
end_of_record
SF:/usr/include/c++/9/iostream
end_of_record
SF:/usr/include/c++/9/ext/atomicity.h
FN:48,_ZN9__gnu_cxxL18__exchange_and_addEPVii
FNDA:6,_ZN9__gnu_cxxL18__exchange_and_addEPVii
FN:52,_ZN9__gnu_cxxL12__atomic_addEPVii
FNDA:4,_ZN9__gnu_cxxL12__atomic_addEPVii
FN:65,_ZN9__gnu_cxxL25__exchange_and_add_singleEPii
FNDA:0,_ZN9__gnu_cxxL25__exchange_and_add_singleEPii
FN:73,_ZN9__gnu_cxxL19__atomic_add_singleEPii
FNDA:0,_ZN9__gnu_cxxL19__atomic_add_singleEPii
FN:78,_ZN9__gnu_cxxL27__exchange_and_add_dispatchEPii
FNDA:6,_ZN9__gnu_cxxL27__exchange_and_add_dispatchEPii
FN:92,_ZN9__gnu_cxxL21__atomic_add_dispatchEPii
FNDA:4,_ZN9__gnu_cxxL21__atomic_add_dispatchEPii
DA:48,6
DA:49,6
DA:52,4
DA:53,4
DA:65,0
DA:67,0
DA:68,0
DA:69,0
DA:73,0
DA:74,0
DA:78,6
DA:81,6
DA:82,6
DA:84,0
DA:92,4
DA:95,4
DA:96,4
DA:98,0
DA:102,4
end_of_record
SF:/home/egornulllet/Документы/vk/c++/stl_compatible_set/tests/test_tree.cpp
FN:8,_ZN8TestTree5SetUpEv
FNDA:7,_ZN8TestTree5SetUpEv
FN:11,_ZN8TestTree8TearDownEv
FNDA:7,_ZN8TestTree8TearDownEv
FN:15,_ZN28TestTree_default_constr_Test8TestBodyEv
FNDA:1,_ZN28TestTree_default_constr_Test8TestBodyEv
FN:15,_ZN28TestTree_default_constr_TestC2Ev
FNDA:1,_ZN28TestTree_default_constr_TestC2Ev
FN:21,_ZN25TestTree_copy_constr_Test8TestBodyEv
FNDA:1,_ZN25TestTree_copy_constr_Test8TestBodyEv
FN:21,_ZN25TestTree_copy_constr_TestC2Ev
FNDA:1,_ZN25TestTree_copy_constr_TestC2Ev
FN:25,_ZN25TestTree_move_constr_Test8TestBodyEv
FNDA:1,_ZN25TestTree_move_constr_Test8TestBodyEv
FN:25,_ZN25TestTree_move_constr_TestC2Ev
FNDA:1,_ZN25TestTree_move_constr_TestC2Ev
FN:29,_ZN20TestTree_insert_Test8TestBodyEv
FNDA:1,_ZN20TestTree_insert_Test8TestBodyEv
FN:29,_ZN20TestTree_insert_TestC2Ev
FNDA:1,_ZN20TestTree_insert_TestC2Ev
FN:33,_ZN20TestTree_search_Test8TestBodyEv
FNDA:1,_ZN20TestTree_search_Test8TestBodyEv
FN:33,_ZN20TestTree_search_TestC2Ev
FNDA:1,_ZN20TestTree_search_TestC2Ev
FN:37,_ZN19TestTree_erase_Test8TestBodyEv
FNDA:1,_ZN19TestTree_erase_Test8TestBodyEv
FN:37,_ZN19TestTree_erase_TestC2Ev
FNDA:1,_ZN19TestTree_erase_TestC2Ev
FN:41,_ZN25TestTree_lower_bound_Test8TestBodyEv
FNDA:1,_ZN25TestTree_lower_bound_Test8TestBodyEv
FN:41,_ZN25TestTree_lower_bound_TestC2Ev
FNDA:1,_ZN25TestTree_lower_bound_TestC2Ev
DA:8,7
DA:9,7
DA:11,7
DA:15,1
DA:16,1
DA:17,1
DA:18,1
DA:15,1
DA:21,1
DA:23,1
DA:21,1
DA:25,1
DA:27,1
DA:25,1
DA:29,1
DA:31,1
DA:29,1
DA:33,1
DA:35,1
DA:33,1
DA:37,1
DA:39,1
DA:37,1
DA:41,1
DA:43,1
DA:41,1
end_of_record
SF:/usr/include/c++/9/typeinfo
FN:120,_ZNKSt9type_infoeqERKS_
FNDA:0,_ZNKSt9type_infoeqERKS_
DA:120,0
DA:122,0
DA:123,0
DA:124,0
end_of_record
SF:/usr/include/c++/9/bits/char_traits.h
FN:336,_ZNSt11char_traitsIcE6lengthEPKc
FNDA:0,_ZNSt11char_traitsIcE6lengthEPKc
DA:336,0
DA:342,0
end_of_record
SF:/usr/include/c++/9/bits/basic_string.tcc
FN:206,_ZNSt7__cxx1112basic_stringIcSt11char_traitsIcESaIcEE12_M_constructIPcEEvT_S7_St20forward_iterator_tag
FNDA:0,_ZNSt7__cxx1112basic_stringIcSt11char_traitsIcESaIcEE12_M_constructIPcEEvT_S7_St20forward_iterator_tag
FN:206,_ZNSt7__cxx1112basic_stringIcSt11char_traitsIcESaIcEE12_M_constructIPKcEEvT_S8_St20forward_iterator_tag
FNDA:0,_ZNSt7__cxx1112basic_stringIcSt11char_traitsIcESaIcEE12_M_constructIPKcEEvT_S8_St20forward_iterator_tag
DA:206,0
DA:211,0
DA:212,0
DA:215,0
DA:217,0
DA:219,0
DA:220,0
DA:225,0
DA:226,0
DA:228,0
DA:229,0
DA:232,0
DA:233,0
DA:206,0
DA:211,0
DA:212,0
DA:215,0
DA:217,0
DA:219,0
DA:220,0
DA:225,0
DA:226,0
DA:228,0
DA:229,0
DA:232,0
DA:233,0
end_of_record
SF:/usr/include/c++/9/bits/stl_iterator_base_funcs.h
FN:98,_ZSt10__distanceIPcENSt15iterator_traitsIT_E15difference_typeES2_S2_St26random_access_iterator_tag
FNDA:0,_ZSt10__distanceIPcENSt15iterator_traitsIT_E15difference_typeES2_S2_St26random_access_iterator_tag
FN:98,_ZSt10__distanceIPKcENSt15iterator_traitsIT_E15difference_typeES3_S3_St26random_access_iterator_tag
FNDA:0,_ZSt10__distanceIPKcENSt15iterator_traitsIT_E15difference_typeES3_S3_St26random_access_iterator_tag
FN:138,_ZSt8distanceIPcENSt15iterator_traitsIT_E15difference_typeES2_S2_
FNDA:0,_ZSt8distanceIPcENSt15iterator_traitsIT_E15difference_typeES2_S2_
FN:138,_ZSt8distanceIPKcENSt15iterator_traitsIT_E15difference_typeES3_S3_
FNDA:0,_ZSt8distanceIPKcENSt15iterator_traitsIT_E15difference_typeES3_S3_
DA:98,0
DA:104,0
DA:98,0
DA:104,0
DA:138,0
DA:141,0
DA:142,0
DA:138,0
DA:141,0
DA:142,0
end_of_record
SF:/usr/include/c++/9/bits/shared_ptr.h
FN:103,_ZNSt10shared_ptrIN4TreeIiSt4lessIiEE4NodeEEaSERKS5_
FNDA:2,_ZNSt10shared_ptrIN4TreeIiSt4lessIiEE4NodeEEaSERKS5_
FN:127,_ZNSt10shared_ptrIN4TreeIiSt4lessIiEE4NodeEEC2Ev
FNDA:5,_ZNSt10shared_ptrIN4TreeIiSt4lessIiEE4NodeEEC2Ev
FN:129,_ZNSt10shared_ptrIN4TreeIiSt4lessIiEE4NodeEEC2ERKS5_
FNDA:2,_ZNSt10shared_ptrIN4TreeIiSt4lessIiEE4NodeEEC2ERKS5_
FN:254,_ZNSt10shared_ptrIN4TreeIiSt4lessIiEE4NodeEEC2EOS5_
FNDA:0,_ZNSt10shared_ptrIN4TreeIiSt4lessIiEE4NodeEEC2EOS5_
FN:307,_ZNSt10shared_ptrIN4TreeIiSt4lessIiEE4NodeEEC2EDn
FNDA:1,_ZNSt10shared_ptrIN4TreeIiSt4lessIiEE4NodeEEC2EDn
FN:333,_ZNSt10shared_ptrIN4TreeIiSt4lessIiEE4NodeEEaSEOS5_
FNDA:2,_ZNSt10shared_ptrIN4TreeIiSt4lessIiEE4NodeEEaSEOS5_
FN:358,_ZNSt10shared_ptrIN4TreeIiSt4lessIiEE4NodeEEC2ISaIS4_EJRKiEEESt20_Sp_alloc_shared_tagIT_EDpOT0_
FNDA:1,_ZNSt10shared_ptrIN4TreeIiSt4lessIiEE4NodeEEC2ISaIS4_EJRKiEEESt20_Sp_alloc_shared_tagIT_EDpOT0_
FN:388,_ZSteqIN4TreeIiSt4lessIiEE4NodeEEbRKSt10shared_ptrIT_EDn
FNDA:0,_ZSteqIN4TreeIiSt4lessIiEE4NodeEEbRKSt10shared_ptrIT_EDn
FN:531,_ZNSt8weak_ptrIN4TreeIiSt4lessIiEE4NodeEEaSERKS5_
FNDA:0,_ZNSt8weak_ptrIN4TreeIiSt4lessIiEE4NodeEEaSERKS5_
FN:544,_ZNSt8weak_ptrIN4TreeIiSt4lessIiEE4NodeEEC2Ev
FNDA:1,_ZNSt8weak_ptrIN4TreeIiSt4lessIiEE4NodeEEC2Ev
FN:551,_ZNSt8weak_ptrIN4TreeIiSt4lessIiEE4NodeEEC2ERKS5_
FNDA:1,_ZNSt8weak_ptrIN4TreeIiSt4lessIiEE4NodeEEC2ERKS5_
FN:576,_ZNSt8weak_ptrIN4TreeIiSt4lessIiEE4NodeEEaSIS4_EENSt9enable_ifIXsrSt13is_assignableIRSt10__weak_ptrIS4_LN9__gnu_cxx12_Lock_policyE2EERKSt10shared_ptrIT_EE5valueERS5_E4typeESI_
FNDA:0,_ZNSt8weak_ptrIN4TreeIiSt4lessIiEE4NodeEEaSIS4_EENSt9enable_ifIXsrSt13is_assignableIRSt10__weak_ptrIS4_LN9__gnu_cxx12_Lock_policyE2EERKSt10shared_ptrIT_EE5valueERS5_E4typeESI_
FN:699,_ZSt15allocate_sharedIN4TreeIiSt4lessIiEE4NodeESaIS4_EJRKiEESt10shared_ptrIT_ERKT0_DpOT1_
FNDA:1,_ZSt15allocate_sharedIN4TreeIiSt4lessIiEE4NodeESaIS4_EJRKiEESt10shared_ptrIT_ERKT0_DpOT1_
FN:714,_ZSt11make_sharedIN4TreeIiSt4lessIiEE4NodeEJRKiEESt10shared_ptrIT_EDpOT0_
FNDA:1,_ZSt11make_sharedIN4TreeIiSt4lessIiEE4NodeEJRKiEESt10shared_ptrIT_EDpOT0_
DA:103,2
DA:127,5
DA:129,2
DA:254,0
DA:255,0
DA:307,1
DA:333,2
DA:335,2
DA:336,2
DA:358,1
DA:359,1
DA:360,1
DA:388,0
DA:389,0
DA:531,0
DA:544,1
DA:551,1
DA:576,0
DA:578,0
DA:579,0
DA:699,1
DA:702,1
DA:714,1
DA:718,1
end_of_record
TN:build_test_set_tests
SF:/usr/include/c++/9/iostream
end_of_record
SF:/usr/include/gtest/gtest.h
end_of_record
